mi√© feb 15 20:47:40 ART 2017 1547 `
mi√© feb 15 20:47:41 ART 2017 1547 ^^^
mi√© feb 15 20:47:41 ART 2017 1547 ~
mi√© feb 15 20:47:42 ART 2017 1547 _
mi√© feb 15 20:47:42 ART 2017 1547 115.php
mi√© feb 15 20:47:42 ART 2017 1547 116
mi√© feb 15 20:47:42 ART 2017 1547 __
mi√© feb 15 20:47:42 ART 2017 1547 1160
mi√© feb 15 20:47:43 ART 2017 1547 11602
mi√© feb 15 20:47:43 ART 2017 1547 14551
mi√© feb 15 20:47:43 ART 2017 1547 11604
mi√© feb 15 20:47:43 ART 2017 1547 14551.php
mi√© feb 15 20:47:44 ART 2017 1547 11608
mi√© feb 15 20:47:44 ART 2017 1547 ___
mi√© feb 15 20:47:44 ART 2017 1547 14551_sp
mi√© feb 15 20:47:44 ART 2017 1547 _____
mi√© feb 15 20:47:44 ART 2017 1547 1160.html
mi√© feb 15 20:47:44 ART 2017 1547 14551_sp.php
mi√© feb 15 20:47:44 ART 2017 1547 -
mi√© feb 15 20:47:45 ART 2017 1547 1161
mi√© feb 15 20:47:45 ART 2017 1547 3601
mi√© feb 15 20:47:45 ART 2017 1547 1.4556
mi√© feb 15 20:47:45 ART 2017 1547 !
mi√© feb 15 20:47:45 ART 2017 1547 11610
mi√© feb 15 20:47:45 ART 2017 1547 3602
mi√© feb 15 20:47:45 ART 2017 1547 14557
mi√© feb 15 20:47:45 ART 2017 1547 !-!
mi√© feb 15 20:47:46 ART 2017 1547 4homes
mi√© feb 15 20:47:46 ART 2017 1547 3603
mi√© feb 15 20:47:46 ART 2017 1547 14558
mi√© feb 15 20:47:46 ART 2017 1547 11612
mi√© feb 15 20:47:46 ART 2017 1547 !!
mi√© feb 15 20:47:46 ART 2017 1547 4hotels
mi√© feb 15 20:47:46 ART 2017 1547 14558.php
mi√© feb 15 20:47:46 ART 2017 1547 3604
mi√© feb 15 20:47:46 ART 2017 1547 11616
mi√© feb 15 20:47:46 ART 2017 4455 /
mi√© feb 15 20:47:47 ART 2017 1547 14558_sp
mi√© feb 15 20:47:47 ART 2017 1547 3605
mi√© feb 15 20:47:47 ART 2017 1547 6728
mi√© feb 15 20:47:47 ART 2017 1547 4.htm
mi√© feb 15 20:47:47 ART 2017 1547 /~
mi√© feb 15 20:47:47 ART 2017 1547 1.161e
mi√© feb 15 20:47:47 ART 2017 1547 /_
mi√© feb 15 20:47:48 ART 2017 1547 6729
mi√© feb 15 20:47:48 ART 2017 1547 .4.html
mi√© feb 15 20:47:48 ART 2017 1547 1.161E
mi√© feb 15 20:47:48 ART 2017 1547 14558_sp.php
mi√© feb 15 20:47:48 ART 2017 1547 3606
mi√© feb 15 20:47:48 ART 2017 1547 9020
mi√© feb 15 20:47:48 ART 2017 1547 1161.html
mi√© feb 15 20:47:48 ART 2017 1547 672.php
mi√© feb 15 20:47:48 ART 2017 1547 90215
mi√© feb 15 20:47:48 ART 2017 1547 3608
mi√© feb 15 20:47:49 ART 2017 1547 1162
mi√© feb 15 20:47:49 ART 2017 1547 9028
mi√© feb 15 20:47:49 ART 2017 1547 673
mi√© feb 15 20:47:49 ART 2017 1547 account_orders
mi√© feb 15 20:47:49 ART 2017 1547 36084
mi√© feb 15 20:47:49 ART 2017 1547 /...
mi√© feb 15 20:47:49 ART 2017 1547 2177
mi√© feb 15 20:47:49 ART 2017 1547 9028.php
mi√© feb 15 20:47:49 ART 2017 1547 account_orders.jhtm
mi√© feb 15 20:47:49 ART 2017 1547 6732
mi√© feb 15 20:47:49 ART 2017 1547 3609
mi√© feb 15 20:47:49 ART 2017 1547 11621
mi√© feb 15 20:47:50 ART 2017 1547 /bin
mi√© feb 15 20:47:50 ART 2017 1547 2178
mi√© feb 15 20:47:50 ART 2017 1547 admin_images
mi√© feb 15 20:47:50 ART 2017 1547 902.php
mi√© feb 15 20:47:50 ART 2017 1547 6733
mi√© feb 15 20:47:50 ART 2017 1547 account_orders.php
mi√© feb 15 20:47:50 ART 2017 1547 360.html
mi√© feb 15 20:47:50 ART 2017 1547 11622
mi√© feb 15 20:47:50 ART 2017 1547 /boot
mi√© feb 15 20:47:50 ART 2017 1547 217.84.119.131
mi√© feb 15 20:47:51 ART 2017 1547 AdminImages
mi√© feb 15 20:47:51 ART 2017 1547 360jc
mi√© feb 15 20:47:51 ART 2017 1547 902xf1kobq
mi√© feb 15 20:47:51 ART 2017 1547 /cdrom
mi√© feb 15 20:47:51 ART 2017 1547 11629
mi√© feb 15 20:47:51 ART 2017 1547 6734
mi√© feb 15 20:47:51 ART 2017 1547 ainfo.php
mi√© feb 15 20:47:51 ART 2017 1547 accountoverview
mi√© feb 15 20:47:51 ART 2017 1547 2178.php
mi√© feb 15 20:47:51 ART 2017 1547 Admin_Images
mi√© feb 15 20:47:51 ART 2017 1547 /dev
mi√© feb 15 20:47:52 ART 2017 1547 903
mi√© feb 15 20:47:52 ART 2017 1547 ainternalpromos
mi√© feb 15 20:47:52 ART 2017 1547 1162.html
mi√© feb 15 20:47:52 ART 2017 1547 aniki
mi√© feb 15 20:47:52 ART 2017 1547 6735
mi√© feb 15 20:47:52 ART 2017 1547 360jc.txt
mi√© feb 15 20:47:52 ART 2017 1547 admin_imgmod
mi√© feb 15 20:47:52 ART 2017 1547 /etc
mi√© feb 15 20:47:52 ART 2017 1547 .90.3
mi√© feb 15 20:47:52 ART 2017 1547 1162.php
mi√© feb 15 20:47:52 ART 2017 1547 360.php
mi√© feb 15 20:47:52 ART 2017 1547 anil
mi√© feb 15 20:47:53 ART 2017 1547 aInternalPromos
mi√© feb 15 20:47:53 ART 2017 1547 6736
mi√© feb 15 20:47:53 ART 2017 1547 AccountOverView
mi√© feb 15 20:47:53 ART 2017 1547 admin_imgmod.asp
mi√© feb 15 20:47:53 ART 2017 1547 /home
mi√© feb 15 20:47:53 ART 2017 1547 9033
mi√© feb 15 20:47:53 ART 2017 1547 anil_kapoor
mi√© feb 15 20:47:53 ART 2017 1547 ainzon
mi√© feb 15 20:47:53 ART 2017 1547 360s
mi√© feb 15 20:47:53 ART 2017 1547 6737
mi√© feb 15 20:47:53 ART 2017 1547 account_password
mi√© feb 15 20:47:53 ART 2017 1547 admin_imob_1
mi√© feb 15 20:47:53 ART 2017 1547 /initrd.img
mi√© feb 15 20:47:54 ART 2017 1547 9034
mi√© feb 15 20:47:54 ART 2017 1547 anilos
mi√© feb 15 20:47:54 ART 2017 1547 aio
mi√© feb 15 20:47:54 ART 2017 1547 articles2.cfm
mi√© feb 15 20:47:54 ART 2017 1547 awfped
mi√© feb 15 20:47:54 ART 2017 1547 account-password
mi√© feb 15 20:47:54 ART 2017 1547 /initrd.img.old
mi√© feb 15 20:47:54 ART 2017 1547 6738
mi√© feb 15 20:47:54 ART 2017 1547 admin_imob_2
mi√© feb 15 20:47:54 ART 2017 1547 9034574
mi√© feb 15 20:47:54 ART 2017 1547 1163
mi√© feb 15 20:47:55 ART 2017 1547 anim
mi√© feb 15 20:47:55 ART 2017 1547 articles3
mi√© feb 15 20:47:55 ART 2017 1547 Account-Password
mi√© feb 15 20:47:55 ART 2017 1547 /keybase
mi√© feb 15 20:47:55 ART 2017 1547 adminin
mi√© feb 15 20:47:55 ART 2017 1547 9034574.htm
mi√© feb 15 20:47:55 ART 2017 1547 AIO
mi√© feb 15 20:47:55 ART 2017 1547 bdrotz
mi√© feb 15 20:47:55 ART 2017 1547 11633
mi√© feb 15 20:47:55 ART 2017 1547 _anim
mi√© feb 15 20:47:55 ART 2017 1547 articles_3
mi√© feb 15 20:47:56 ART 2017 1547 account.php
mi√© feb 15 20:47:56 ART 2017 1547 /lib
mi√© feb 15 20:47:56 ART 2017 1547 9036
mi√© feb 15 20:47:56 ART 2017 1547 aio-business
mi√© feb 15 20:47:56 ART 2017 1547 11633.php
mi√© feb 15 20:47:56 ART 2017 1547 bds
mi√© feb 15 20:47:56 ART 2017 1547 blog_attachment.php
mi√© feb 15 20:47:56 ART 2017 1547 AWFPed
mi√© feb 15 20:47:56 ART 2017 1547 anima
mi√© feb 15 20:47:56 ART 2017 1547 6739
mi√© feb 15 20:47:56 ART 2017 1547 Account.php
mi√© feb 15 20:47:57 ART 2017 1547 articles_4
mi√© feb 15 20:47:57 ART 2017 1547 ai_old
mi√© feb 15 20:47:57 ART 2017 1547 11634
mi√© feb 15 20:47:57 ART 2017 1547 /lib32
mi√© feb 15 20:47:57 ART 2017 1547 blog-attachments
mi√© feb 15 20:47:57 ART 2017 1547 animaciones
mi√© feb 15 20:47:57 ART 2017 1547 awfped.aspx
mi√© feb 15 20:47:57 ART 2017 1547 bdsm
mi√© feb 15 20:47:57 ART 2017 1556 broker_access
mi√© feb 15 20:47:57 ART 2017 1547 admin.inc.php
mi√© feb 15 20:47:57 ART 2017 1547 360theme
mi√© feb 15 20:47:57 ART 2017 1547 account-pt
mi√© feb 15 20:47:57 ART 2017 1547 2179
mi√© feb 15 20:47:58 ART 2017 1547 /lib64
mi√© feb 15 20:47:58 ART 2017 1547 blog_auth
mi√© feb 15 20:47:58 ART 2017 1547 aiolos
mi√© feb 15 20:47:58 ART 2017 1547 articles_5
mi√© feb 15 20:47:58 ART 2017 1547 ~bdsm
mi√© feb 15 20:47:58 ART 2017 1547 animaciya
mi√© feb 15 20:47:58 ART 2017 1547 11636
mi√© feb 15 20:47:58 ART 2017 1547 AWFPed.aspx
mi√© feb 15 20:47:58 ART 2017 1547 adminindex
mi√© feb 15 20:47:58 ART 2017 1547 calendarpopup
mi√© feb 15 20:47:58 ART 2017 1547 360views
mi√© feb 15 20:47:58 ART 2017 1556 brokeradmin
mi√© feb 15 20:47:58 ART 2017 1547 account-pt.html
mi√© feb 15 20:47:58 ART 2017 1547 217.html
mi√© feb 15 20:47:59 ART 2017 1547 /lost+found
mi√© feb 15 20:47:59 ART 2017 1547 aion
mi√© feb 15 20:47:59 ART 2017 1547 awfxxxcep
mi√© feb 15 20:47:59 ART 2017 1547 articlesappc
mi√© feb 15 20:47:59 ART 2017 1547 account_recover
mi√© feb 15 20:47:59 ART 2017 1547 bdsm_fetish
mi√© feb 15 20:47:59 ART 2017 1547 admin_index
mi√© feb 15 20:47:59 ART 2017 1547 CalendarPopup
mi√© feb 15 20:47:59 ART 2017 1547 animal
mi√© feb 15 20:47:59 ART 2017 1547 /media
mi√© feb 15 20:48:00 ART 2017 1547 AWFXXXCep
mi√© feb 15 20:48:00 ART 2017 1547 Admin_Index
mi√© feb 15 20:48:00 ART 2017 1547 articlesAppC
mi√© feb 15 20:48:00 ART 2017 1547 charts.aspx
mi√© feb 15 20:48:00 ART 2017 1547 aionwars
mi√© feb 15 20:48:00 ART 2017 1547 Animal
mi√© feb 15 20:48:00 ART 2017 1547 calendarpopup.js
mi√© feb 15 20:48:00 ART 2017 1547 account_register
mi√© feb 15 20:48:00 ART 2017 1547 bd.sql
mi√© feb 15 20:48:00 ART 2017 1547 /mnt
mi√© feb 15 20:48:01 ART 2017 1547 awfxxxcep.aspx
mi√© feb 15 20:48:01 ART 2017 1547 /opt
mi√© feb 15 20:48:01 ART 2017 1547 CalendarPopup.js
mi√© feb 15 20:48:01 ART 2017 1547 bdt
mi√© feb 15 20:48:01 ART 2017 1547 _client
mi√© feb 15 20:48:01 ART 2017 1547 Charts.aspx
mi√© feb 15 20:48:01 ART 2017 1547 /accountregistration
mi√© feb 15 20:48:01 ART 2017 1547 aip
mi√© feb 15 20:48:01 ART 2017 1547 animales
mi√© feb 15 20:48:01 ART 2017 1547 admin_index.asp
mi√© feb 15 20:48:01 ART 2017 1547 articles.asp
mi√© feb 15 20:48:02 ART 2017 1547 AWFXXXCep.aspx
mi√© feb 15 20:48:02 ART 2017 1547 bdtd
mi√© feb 15 20:48:02 ART 2017 1556 compare-prices
mi√© feb 15 20:48:02 ART 2017 1547 /client
mi√© feb 15 20:48:02 ART 2017 1547 aipbot/1.0
mi√© feb 15 20:48:02 ART 2017 1547 charts.cfm
mi√© feb 15 20:48:02 ART 2017 1547 /proc
mi√© feb 15 20:48:02 ART 2017 1547 animali
mi√© feb 15 20:48:02 ART 2017 1547 admin_index.php
mi√© feb 15 20:48:02 ART 2017 1547 Articles.asp
mi√© feb 15 20:48:02 ART 2017 1547 calendarpost
mi√© feb 15 20:48:03 ART 2017 1547 awg
mi√© feb 15 20:48:03 ART 2017 1547 aipbot/2-beta
mi√© feb 15 20:48:03 ART 2017 1547 /root
mi√© feb 15 20:48:03 ART 2017 1547 charts.html
mi√© feb 15 20:48:03 ART 2017 1547 articles.aspx
mi√© feb 15 20:48:03 ART 2017 1547 bdtest
mi√© feb 15 20:48:03 ART 2017 1547 Contractors
mi√© feb 15 20:48:03 ART 2017 1547 admin/index.php
mi√© feb 15 20:48:03 ART 2017 1547 calendarpost.php
mi√© feb 15 20:48:03 ART 2017 1556 ComparePrices
mi√© feb 15 20:48:03 ART 2017 1547 account_reports
mi√© feb 15 20:48:03 ART 2017 1547 /_client
mi√© feb 15 20:48:03 ART 2017 1547 14559
mi√© feb 15 20:48:03 ART 2017 1547 4.html
mi√© feb 15 20:48:04 ART 2017 1556 compareproduct
mi√© feb 15 20:48:04 ART 2017 1547 /run
mi√© feb 15 20:48:04 ART 2017 1547 bdu
mi√© feb 15 20:48:04 ART 2017 1547 account_reports.jsp
mi√© feb 15 20:48:04 ART 2017 1547 blog-authors
mi√© feb 15 20:48:04 ART 2017 1547 calendars
mi√© feb 15 20:48:04 ART 2017 1547 CssBlue
mi√© feb 15 20:48:04 ART 2017 1547 client/
mi√© feb 15 20:48:04 ART 2017 1547 aiphone
mi√© feb 15 20:48:04 ART 2017 1547 contract.php
mi√© feb 15 20:48:04 ART 2017 1547 adminindex.php
mi√© feb 15 20:48:05 ART 2017 1547 1456
mi√© feb 15 20:48:05 ART 2017 1547 4images
mi√© feb 15 20:48:05 ART 2017 1547 11639
mi√© feb 15 20:48:05 ART 2017 1547 CCBot/1.0
mi√© feb 15 20:48:05 ART 2017 1556 brokerage
mi√© feb 15 20:48:05 ART 2017 1547 Articles.aspx
mi√© feb 15 20:48:05 ART 2017 1547 aipl
mi√© feb 15 20:48:05 ART 2017 1547 account_reviews
mi√© feb 15 20:48:06 ART 2017 1547 admininfo
mi√© feb 15 20:48:06 ART 2017 1547 bdump
mi√© feb 15 20:48:06 ART 2017 1547 contracts
mi√© feb 15 20:48:06 ART 2017 1547 blog_auth.php
mi√© feb 15 20:48:06 ART 2017 1547 css/blue_theme.css
mi√© feb 15 20:48:06 ART 2017 1547 client.
mi√© feb 15 20:48:06 ART 2017 1547 4insurance
mi√© feb 15 20:48:06 ART 2017 1547 ccbs
mi√© feb 15 20:48:06 ART 2017 1547 1164
mi√© feb 15 20:48:06 ART 2017 1547 14561
mi√© feb 15 20:48:06 ART 2017 1547 articles.cfm
mi√© feb 15 20:48:07 ART 2017 1547 14562
mi√© feb 15 20:48:07 ART 2017 1547 4.jpg
mi√© feb 15 20:48:07 ART 2017 1547 ccbyfax_form
mi√© feb 15 20:48:07 ART 2017 1547 Client
mi√© feb 15 20:48:07 ART 2017 1547 11640
mi√© feb 15 20:48:07 ART 2017 1547 dmds
mi√© feb 15 20:48:07 ART 2017 1547 articles_detail
mi√© feb 15 20:48:07 ART 2017 1547 animals
mi√© feb 15 20:48:07 ART 2017 1556 broker.htm
mi√© feb 15 20:48:08 ART 2017 1547 /Aipp
mi√© feb 15 20:48:08 ART 2017 1547 4kids
mi√© feb 15 20:48:08 ART 2017 1547 ccbyfax_form.php
mi√© feb 15 20:48:08 ART 2017 1547 account_rmas
mi√© feb 15 20:48:08 ART 2017 1547 Client.
mi√© feb 15 20:48:08 ART 2017 1547 11644
mi√© feb 15 20:48:08 ART 2017 1547 dme
mi√© feb 15 20:48:08 ART 2017 1547 Duisburg
mi√© feb 15 20:48:08 ART 2017 1547 articlesearch
mi√© feb 15 20:48:08 ART 2017 1547 14565
mi√© feb 15 20:48:08 ART 2017 1547 /sbin
mi√© feb 15 20:48:08 ART 2017 1547 Animals
mi√© feb 15 20:48:08 ART 2017 1556 brokers
mi√© feb 15 20:48:09 ART 2017 1547 awge
mi√© feb 15 20:48:09 ART 2017 1547 account_rmas.jhtm
mi√© feb 15 20:48:09 ART 2017 1547 aiq
mi√© feb 15 20:48:09 ART 2017 1547 11645
mi√© feb 15 20:48:09 ART 2017 1547 duits
mi√© feb 15 20:48:09 ART 2017 1547 14565.php
mi√© feb 15 20:48:09 ART 2017 1547 ccc
mi√© feb 15 20:48:09 ART 2017 1547 /snap
mi√© feb 15 20:48:09 ART 2017 1547 client1
mi√© feb 15 20:48:09 ART 2017 1547 charts_library
mi√© feb 15 20:48:09 ART 2017 1547 article_search
mi√© feb 15 20:48:09 ART 2017 1547 dmeliani
mi√© feb 15 20:48:10 ART 2017 1556 Brokers
mi√© feb 15 20:48:10 ART 2017 1547 eff
mi√© feb 15 20:48:10 ART 2017 1547 awh
mi√© feb 15 20:48:10 ART 2017 1547 animalservice
mi√© feb 15 20:48:10 ART 2017 1547 accounts
mi√© feb 15 20:48:10 ART 2017 1547 /ccc
mi√© feb 15 20:48:10 ART 2017 1547 116453
mi√© feb 15 20:48:10 ART 2017 1547 enlargeproduct
mi√© feb 15 20:48:10 ART 2017 1547 /srv
mi√© feb 15 20:48:10 ART 2017 1547 client2
mi√© feb 15 20:48:11 ART 2017 1547 charts-min
mi√© feb 15 20:48:11 ART 2017 1547 14565_sp
mi√© feb 15 20:48:11 ART 2017 1547 descendtext
mi√© feb 15 20:48:11 ART 2017 1547 Calendars
mi√© feb 15 20:48:11 ART 2017 1547 articleSearch
mi√© feb 15 20:48:11 ART 2017 1547 dmenu
mi√© feb 15 20:48:11 ART 2017 1547 animalservice.asp
mi√© feb 15 20:48:11 ART 2017 1547 effective
mi√© feb 15 20:48:11 ART 2017 1547 awi
mi√© feb 15 20:48:11 ART 2017 1547 duj
mi√© feb 15 20:48:11 ART 2017 1547 CCC
mi√© feb 15 20:48:11 ART 2017 1547 /sys
mi√© feb 15 20:48:12 ART 2017 1547 enlargeproduct.asp
mi√© feb 15 20:48:12 ART 2017 1547 11647
mi√© feb 15 20:48:12 ART 2017 1547 client32.bin
mi√© feb 15 20:48:12 ART 2017 1547 descendtext.php
mi√© feb 15 20:48:12 ART 2017 1547 calendars.cfm
mi√© feb 15 20:48:12 ART 2017 1547 aw-images
mi√© feb 15 20:48:12 ART 2017 1547 animalservices
mi√© feb 15 20:48:12 ART 2017 1547 ArticleSearch
mi√© feb 15 20:48:12 ART 2017 1547 effectiveness
mi√© feb 15 20:48:12 ART 2017 1547 charts-min.js
mi√© feb 15 20:48:12 ART 2017 1547 dmf
mi√© feb 15 20:48:12 ART 2017 1547 bdunion
mi√© feb 15 20:48:12 ART 2017 1547 14565_sp.php
mi√© feb 15 20:48:12 ART 2017 1547 Contracts
mi√© feb 15 20:48:13 ART 2017 1547 css_brc
mi√© feb 15 20:48:13 ART 2017 1547 /accounts
mi√© feb 15 20:48:13 ART 2017 1547 dujcev
mi√© feb 15 20:48:13 ART 2017 1547 aiqing
mi√© feb 15 20:48:13 ART 2017 1547 ccc2
mi√© feb 15 20:48:13 ART 2017 1547 enlazanos
mi√© feb 15 20:48:13 ART 2017 1547 admin_info
mi√© feb 15 20:48:13 ART 2017 1547 blogazine
mi√© feb 15 20:48:13 ART 2017 1547 11648
mi√© feb 15 20:48:13 ART 2017 1547 descent
mi√© feb 15 20:48:13 ART 2017 1547 awimg
mi√© feb 15 20:48:14 ART 2017 1547 animals-pets
mi√© feb 15 20:48:14 ART 2017 1547 article_search.asp
mi√© feb 15 20:48:14 ART 2017 1547 bdunion.txt
mi√© feb 15 20:48:14 ART 2017 1547 1457
mi√© feb 15 20:48:14 ART 2017 1547 flashgame
mi√© feb 15 20:48:14 ART 2017 1547 contract_us
mi√© feb 15 20:48:14 ART 2017 1547 clientaccess
mi√© feb 15 20:48:14 ART 2017 1547 /tmp
mi√© feb 15 20:48:14 ART 2017 1547 dujia
mi√© feb 15 20:48:14 ART 2017 1547 aiqingpian
mi√© feb 15 20:48:14 ART 2017 1547 4loginlog
mi√© feb 15 20:48:15 ART 2017 1547 enlight
mi√© feb 15 20:48:15 ART 2017 1547 admin_info.asp
mi√© feb 15 20:48:15 ART 2017 1547 calendarscript
mi√© feb 15 20:48:15 ART 2017 1547 dmg
mi√© feb 15 20:48:15 ART 2017 1547 11649
mi√© feb 15 20:48:15 ART 2017 1547 effects
mi√© feb 15 20:48:15 ART 2017 1547 fpV2
mi√© feb 15 20:48:15 ART 2017 1547 desc.html
mi√© feb 15 20:48:15 ART 2017 1547 cssc
mi√© feb 15 20:48:15 ART 2017 1547 awj
mi√© feb 15 20:48:15 ART 2017 1547 articlesearch.aspx
mi√© feb 15 20:48:15 ART 2017 1547 animass
mi√© feb 15 20:48:15 ART 2017 1547 /tmp2
mi√© feb 15 20:48:15 ART 2017 1547 contraloria
mi√© feb 15 20:48:16 ART 2017 1547 client_access
mi√© feb 15 20:48:16 ART 2017 1547 bdv
mi√© feb 15 20:48:16 ART 2017 1547 duk
mi√© feb 15 20:48:16 ART 2017 1547 air
mi√© feb 15 20:48:16 ART 2017 1547 4m
mi√© feb 15 20:48:16 ART 2017 1556 brokers.html
mi√© feb 15 20:48:16 ART 2017 1547 enlighten
mi√© feb 15 20:48:16 ART 2017 1547 14570
mi√© feb 15 20:48:16 ART 2017 1547 admininistration
mi√© feb 15 20:48:16 ART 2017 1547 calendar-setup
mi√© feb 15 20:48:16 ART 2017 1547 ccc-2
mi√© feb 15 20:48:16 ART 2017 1547 .dmg
mi√© feb 15 20:48:17 ART 2017 1547 evenements.php
mi√© feb 15 20:48:17 ART 2017 1547 gift_cards
mi√© feb 15 20:48:17 ART 2017 1547 Effects
mi√© feb 15 20:48:17 ART 2017 1547 client-access
mi√© feb 15 20:48:17 ART 2017 1547 bdw
mi√© feb 15 20:48:17 ART 2017 1547 ArticleSearch.aspx
mi√© feb 15 20:48:17 ART 2017 1547 animate
mi√© feb 15 20:48:17 ART 2017 1547 /usr
mi√© feb 15 20:48:17 ART 2017 1547 dukat
mi√© feb 15 20:48:17 ART 2017 1547 contrast
mi√© feb 15 20:48:17 ART 2017 1547 accounts/
mi√© feb 15 20:48:17 ART 2017 1547 1164.html
mi√© feb 15 20:48:17 ART 2017 1547 admininitems
mi√© feb 15 20:48:18 ART 2017 1547 Air
mi√© feb 15 20:48:18 ART 2017 1547 cccam
mi√© feb 15 20:48:18 ART 2017 1547 Favorites.aspx
mi√© feb 15 20:48:18 ART 2017 1547 DMG
mi√© feb 15 20:48:18 ART 2017 1547 /var
mi√© feb 15 20:48:18 ART 2017 1547 article_search.php
mi√© feb 15 20:48:18 ART 2017 1547 evenimente
mi√© feb 15 20:48:18 ART 2017 1547 bdweb
mi√© feb 15 20:48:18 ART 2017 1547 ClientAccess
mi√© feb 15 20:48:18 ART 2017 1547 gift-cards
mi√© feb 15 20:48:18 ART 2017 1547 animated
mi√© feb 15 20:48:19 ART 2017 1547 calendar-setup.js
mi√© feb 15 20:48:19 ART 2017 1547 duke
mi√© feb 15 20:48:19 ART 2017 1547 effects.asp
mi√© feb 15 20:48:19 ART 2017 1556 _broletta
mi√© feb 15 20:48:19 ART 2017 1547 /contrast
mi√© feb 15 20:48:19 ART 2017 1547 admininitems.asp
mi√© feb 15 20:48:19 ART 2017 1547 1165
mi√© feb 15 20:48:19 ART 2017 1547 4me
mi√© feb 15 20:48:19 ART 2017 1547 favorites.cfm
mi√© feb 15 20:48:19 ART 2017 1547 cccc
mi√© feb 15 20:48:19 ART 2017 1547 Accounts
mi√© feb 15 20:48:19 ART 2017 1547 hcsc
mi√© feb 15 20:48:19 ART 2017 1547 /vmlinuz
mi√© feb 15 20:48:19 ART 2017 1547 air2
mi√© feb 15 20:48:19 ART 2017 1547 blog_b2afd7fe01019tkf.htm
mi√© feb 15 20:48:20 ART 2017 1547 evening
mi√© feb 15 20:48:20 ART 2017 1547 calendar.shtml
mi√© feb 15 20:48:20 ART 2017 1547 dukeretirees
mi√© feb 15 20:48:20 ART 2017 1547 effects.js
mi√© feb 15 20:48:20 ART 2017 1547 clientaccesspolicy
mi√© feb 15 20:48:20 ART 2017 1547 contrast-style
mi√© feb 15 20:48:20 ART 2017 1547 gift_cards.html
mi√© feb 15 20:48:20 ART 2017 1547 animatedcaptcha
mi√© feb 15 20:48:20 ART 2017 1547 admininterface
mi√© feb 15 20:48:20 ART 2017 1556 _broletta.php
mi√© feb 15 20:48:21 ART 2017 1547 4members
mi√© feb 15 20:48:21 ART 2017 1547 flash_game
mi√© feb 15 20:48:21 ART 2017 1547 11650
mi√© feb 15 20:48:21 ART 2017 1547 html/modules/Downloads/admin/language/lang-brazilian.php
mi√© feb 15 20:48:21 ART 2017 1547 hcsoap
mi√© feb 15 20:48:21 ART 2017 1547 /vmlinuz.old
mi√© feb 15 20:48:21 ART 2017 1547 favorites.cgi
mi√© feb 15 20:48:21 ART 2017 1547 gallery.cfm
mi√© feb 15 20:48:21 ART 2017 1547 calendar_sports
mi√© feb 15 20:48:21 ART 2017 1547 dukes
mi√© feb 15 20:48:21 ART 2017 1547 CSSCheck/1.2.2
mi√© feb 15 20:48:22 ART 2017 1547 contrat
mi√© feb 15 20:48:22 ART 2017 1547 deschutes
mi√© feb 15 20:48:22 ART 2017 1547 awk
mi√© feb 15 20:48:22 ART 2017 1547 gift_cards.php
mi√© feb 15 20:48:22 ART 2017 1547 animatedcaptcha.gif
mi√© feb 15 20:48:22 ART 2017 1547 admin_iprev
mi√© feb 15 20:48:22 ART 2017 1547 aircompanyimg
mi√© feb 15 20:48:22 ART 2017 1547 hcsongxyz
mi√© feb 15 20:48:22 ART 2017 1547 i930
mi√© feb 15 20:48:22 ART 2017 1547 11656
mi√© feb 15 20:48:22 ART 2017 1547 html/modules/Downloads/admin/language/lang-catala.php
mi√© feb 15 20:48:23 ART 2017 1556 bromas
mi√© feb 15 20:48:23 ART 2017 1547 flash-game
mi√© feb 15 20:48:23 ART 2017 1547 4nsd
mi√© feb 15 20:48:23 ART 2017 4455 .
mi√© feb 15 20:48:23 ART 2017 1547 favorites.htm
mi√© feb 15 20:48:23 ART 2017 1547 /cccc
mi√© feb 15 20:48:23 ART 2017 1547 enlightenment
mi√© feb 15 20:48:23 ART 2017 1547 calendar_sports.cfm
mi√© feb 15 20:48:23 ART 2017 1547 giftcartplus
mi√© feb 15 20:48:23 ART 2017 1547 css-colors
mi√© feb 15 20:48:24 ART 2017 1547 admin_iprev.asp
mi√© feb 15 20:48:24 ART 2017 1547 Aircompanyimg
mi√© feb 15 20:48:24 ART 2017 1556 infocrossing
mi√© feb 15 20:48:24 ART 2017 1547 html/modules/Downloads/admin/language/lang-chinese.php
mi√© feb 15 20:48:24 ART 2017 1547 charts.php
mi√© feb 15 20:48:24 ART 2017 1547 green-morning
mi√© feb 15 20:48:24 ART 2017 1547 img_news
mi√© feb 15 20:48:24 ART 2017 1556 bromine
mi√© feb 15 20:48:24 ART 2017 1547 i94
mi√© feb 15 20:48:24 ART 2017 1547 4-o-nas
mi√© feb 15 20:48:24 ART 2017 1547 hcsorkun
mi√© feb 15 20:48:24 ART 2017 1547 .-
mi√© feb 15 20:48:24 ART 2017 1547 11659
mi√© feb 15 20:48:25 ART 2017 1547 gallery.cgi
mi√© feb 15 20:48:25 ART 2017 1547 blogbackup
mi√© feb 15 20:48:25 ART 2017 1547 Enlightenment
mi√© feb 15 20:48:25 ART 2017 1547 contratacion
mi√© feb 15 20:48:25 ART 2017 1547 calendartest
mi√© feb 15 20:48:25 ART 2017 1547 csscombo
mi√© feb 15 20:48:25 ART 2017 1547 desco
mi√© feb 15 20:48:25 ART 2017 1547 fpw
mi√© feb 15 20:48:25 ART 2017 1547 cccdev
mi√© feb 15 20:48:25 ART 2017 1547 awkye
mi√© feb 15 20:48:25 ART 2017 1547 aircon
mi√© feb 15 20:48:25 ART 2017 1556 infoctr
mi√© feb 15 20:48:25 ART 2017 1547 html/modules/Downloads/admin/language/lang-czech.php
mi√© feb 15 20:48:25 ART 2017 1547 charts.swf
mi√© feb 15 20:48:26 ART 2017 1556 bromley
mi√© feb 15 20:48:26 ART 2017 1547 img_newsletter
mi√© feb 15 20:48:26 ART 2017 1547 greenmother
mi√© feb 15 20:48:26 ART 2017 1547 hmw
mi√© feb 15 20:48:26 ART 2017 1547 4_payment
mi√© feb 15 20:48:26 ART 2017 1547 /irj/portalapps/com.sap.portal.design.urdesigndata
mi√© feb 15 20:48:26 ART 2017 1547 gallery_config
mi√© feb 15 20:48:26 ART 2017 1547 i95
mi√© feb 15 20:48:26 ART 2017 1547 GiftCartPlus
mi√© feb 15 20:48:26 ART 2017 1547 ACCOUNTS
mi√© feb 15 20:48:26 ART 2017 1547 bdx
mi√© feb 15 20:48:27 ART 2017 1547 calendar_test
mi√© feb 15 20:48:27 ART 2017 1547 adminis
mi√© feb 15 20:48:27 ART 2017 1547 fpw.php
mi√© feb 15 20:48:27 ART 2017 1547 client_account
mi√© feb 15 20:48:27 ART 2017 1547 air-conditioners
mi√© feb 15 20:48:27 ART 2017 1547 kanji
mi√© feb 15 20:48:27 ART 2017 1556 InfoCtr
mi√© feb 15 20:48:27 ART 2017 1547 blog_backup
mi√© feb 15 20:48:27 ART 2017 1547 awl
mi√© feb 15 20:48:27 ART 2017 1547 chart.swf
mi√© feb 15 20:48:27 ART 2017 1547 favorites.html
mi√© feb 15 20:48:27 ART 2017 1547 ccce
mi√© feb 15 20:48:28 ART 2017 1547 html/modules/Downloads/admin/language/lang-danish.php
mi√© feb 15 20:48:28 ART 2017 1556 bron
mi√© feb 15 20:48:28 ART 2017 1547 hmx
mi√© feb 15 20:48:28 ART 2017 1547 4_payment.html
mi√© feb 15 20:48:28 ART 2017 1547 gallery_config.php
mi√© feb 15 20:48:28 ART 2017 1547 img_nl
mi√© feb 15 20:48:28 ART 2017 1547 .,
mi√© feb 15 20:48:28 ART 2017 1547 14571
mi√© feb 15 20:48:28 ART 2017 1547 evening-courses
mi√© feb 15 20:48:28 ART 2017 1547 calendar_test.asp
mi√© feb 15 20:48:28 ART 2017 1547 giftcartplus.aspx
mi√© feb 15 20:48:28 ART 2017 1547 accounts.asp
mi√© feb 15 20:48:28 ART 2017 1547 dukkan
mi√© feb 15 20:48:28 ART 2017 1547 fpx
mi√© feb 15 20:48:29 ART 2017 1547 client-address
mi√© feb 15 20:48:29 ART 2017 1547 animatedcaptcha.php
mi√© feb 15 20:48:29 ART 2017 1547 aircontrol
mi√© feb 15 20:48:29 ART 2017 1547 1166
mi√© feb 15 20:48:29 ART 2017 1547 bdy
mi√© feb 15 20:48:29 ART 2017 1547 csscombo.ashx
mi√© feb 15 20:48:29 ART 2017 1547 /irj/portalapps/com.sap.portal.epcf.loader
mi√© feb 15 20:48:29 ART 2017 1556 _layouts/3082/setanon.aspx
mi√© feb 15 20:48:29 ART 2017 1547 awla5b
mi√© feb 15 20:48:29 ART 2017 1547 jjss
mi√© feb 15 20:48:29 ART 2017 1547 chase
mi√© feb 15 20:48:30 ART 2017 1547 flash-game.php
mi√© feb 15 20:48:30 ART 2017 1547 html/modules/Downloads/admin/language/lang-dutch.php
mi√© feb 15 20:48:30 ART 2017 1547 hmy
mi√© feb 15 20:48:30 ART 2017 1547 adminisrator
mi√© feb 15 20:48:30 ART 2017 1547 4.pdf
mi√© feb 15 20:48:30 ART 2017 1547 enligne
mi√© feb 15 20:48:30 ART 2017 1547 Contratacion
mi√© feb 15 20:48:30 ART 2017 1547 ‚Äù
mi√© feb 15 20:48:30 ART 2017 1547 14572
mi√© feb 15 20:48:30 ART 2017 1547 cccf
mi√© feb 15 20:48:31 ART 2017 1547 lineaconcepcion
mi√© feb 15 20:48:31 ART 2017 1547 galleryemail
mi√© feb 15 20:48:31 ART 2017 1547 evening-dresses
mi√© feb 15 20:48:31 ART 2017 1556 broncos
mi√© feb 15 20:48:31 ART 2017 1547 animate.js
mi√© feb 15 20:48:31 ART 2017 1547 aircraft
mi√© feb 15 20:48:31 ART 2017 1547 GiftCartPlus.aspx
mi√© feb 15 20:48:31 ART 2017 1547 efficacy
mi√© feb 15 20:48:31 ART 2017 1547 accounts.aspx
mi√© feb 15 20:48:32 ART 2017 1547 /irj/portalapps/com.sap.portal.navigation.detailedtree
mi√© feb 15 20:48:32 ART 2017 1547 11661
mi√© feb 15 20:48:32 ART 2017 1547 bdz
mi√© feb 15 20:48:32 ART 2017 1547 css/common.css
mi√© feb 15 20:48:32 ART 2017 1556 _layouts/3082/setimport.aspx
mi√© feb 15 20:48:32 ART 2017 1547 fpxmguv
mi√© feb 15 20:48:32 ART 2017 1547 duksung
mi√© feb 15 20:48:32 ART 2017 1547 client-address.php
mi√© feb 15 20:48:32 ART 2017 1547 hct
mi√© feb 15 20:48:32 ART 2017 1547 loginprocess
mi√© feb 15 20:48:33 ART 2017 1547 awl/auctionweaver.pl
mi√© feb 15 20:48:33 ART 2017 1547 14575
mi√© feb 15 20:48:33 ART 2017 1547 ccchanglapgrh
mi√© feb 15 20:48:33 ART 2017 1547 img_old
mi√© feb 15 20:48:33 ART 2017 1547 Favorites.html
mi√© feb 15 20:48:33 ART 2017 1547 /calendartext
mi√© feb 15 20:48:33 ART 2017 1547 html/modules/Downloads/admin/language/lang-english.php
mi√© feb 15 20:48:33 ART 2017 1547 green-mountain
mi√© feb 15 20:48:33 ART 2017 1547 jjt
mi√© feb 15 20:48:34 ART 2017 1547 Chase
mi√© feb 15 20:48:34 ART 2017 1547 hmz
mi√© feb 15 20:48:34 ART 2017 1547 d_escolar
mi√© feb 15 20:48:34 ART 2017 1547 GalleryEmail
mi√© feb 15 20:48:34 ART 2017 1547 en-ligne
mi√© feb 15 20:48:34 ART 2017 1547 kotori
mi√© feb 15 20:48:34 ART 2017 1556 bron.php
mi√© feb 15 20:48:34 ART 2017 1547 animation
mi√© feb 15 20:48:34 ART 2017 1547 administ
mi√© feb 15 20:48:34 ART 2017 1547 aire
mi√© feb 15 20:48:34 ART 2017 1547 contrataciones
mi√© feb 15 20:48:34 ART 2017 1547 magni
mi√© feb 15 20:48:34 ART 2017 1547 efficiency
mi√© feb 15 20:48:35 ART 2017 1547 evening-shade
mi√© feb 15 20:48:35 ART 2017 1547 /irj/sdn/soa-discovery
mi√© feb 15 20:48:35 ART 2017 1547 11664
mi√© feb 15 20:48:35 ART 2017 1547 accounts.cfm
mi√© feb 15 20:48:35 ART 2017 1547 blog-backup
mi√© feb 15 20:48:35 ART 2017 1556 _layouts/3082/setrqacc.aspx
mi√© feb 15 20:48:35 ART 2017 1547 be
mi√© feb 15 20:48:36 ART 2017 1547 ia
mi√© feb 15 20:48:36 ART 2017 1547 csscriptlib
mi√© feb 15 20:48:36 ART 2017 1547 dul
mi√© feb 15 20:48:36 ART 2017 1547 fpy
mi√© feb 15 20:48:36 ART 2017 1547 clientadmin
mi√© feb 15 20:48:36 ART 2017 1547 awm
mi√© feb 15 20:48:36 ART 2017 1547 14575.php
mi√© feb 15 20:48:36 ART 2017 1547 d_escolar.nsf
mi√© feb 15 20:48:36 ART 2017 1547 ccchanglapgrhw
mi√© feb 15 20:48:37 ART 2017 1547 flashgames
mi√© feb 15 20:48:37 ART 2017 1547 login_process
mi√© feb 15 20:48:37 ART 2017 1547 GalleryEMail
mi√© feb 15 20:48:37 ART 2017 1547 enlinea
mi√© feb 15 20:48:37 ART 2017 1547 giftcenter
mi√© feb 15 20:48:37 ART 2017 1547 Animation
mi√© feb 15 20:48:37 ART 2017 1547 messages_add
mi√© feb 15 20:48:37 ART 2017 1547 moderator.asp
mi√© feb 15 20:48:37 ART 2017 1547 modules/httpauth/
mi√© feb 15 20:48:37 ART 2017 1547 aireport
mi√© feb 15 20:48:37 ART 2017 1547 favorites.jsp
mi√© feb 15 20:48:37 ART 2017 1547 html/modules/Downloads/admin/language/lang-estonian.php
mi√© feb 15 20:48:37 ART 2017 1547 green-mountian
mi√© feb 15 20:48:37 ART 2017 1547 chase.htm
mi√© feb 15 20:48:38 ART 2017 1547 contratacion.nsf
mi√© feb 15 20:48:38 ART 2017 1547 hn
mi√© feb 15 20:48:38 ART 2017 1547 efficiency.aspx
mi√© feb 15 20:48:38 ART 2017 1547 4percentproject
mi√© feb 15 20:48:38 ART 2017 1547 master_images
mi√© feb 15 20:48:38 ART 2017 1547 /irj/servlet
mi√© feb 15 20:48:38 ART 2017 1547 modules/statcounter/
mi√© feb 15 20:48:38 ART 2017 1547 11667
mi√© feb 15 20:48:38 ART 2017 1547 accounts.cgi
mi√© feb 15 20:48:38 ART 2017 1547 blogberry
mi√© feb 15 20:48:39 ART 2017 1547 hcth
mi√© feb 15 20:48:39 ART 2017 1547 /ia
mi√© feb 15 20:48:39 ART 2017 1547 dulcie
mi√© feb 15 20:48:39 ART 2017 1547 evening-sun
mi√© feb 15 20:48:39 ART 2017 1547 14575_sp
mi√© feb 15 20:48:39 ART 2017 1547 linead
mi√© feb 15 20:48:39 ART 2017 1547 desc.php
mi√© feb 15 20:48:39 ART 2017 1547 myreports.aspx
mi√© feb 15 20:48:39 ART 2017 1547 html/modules/Downloads/admin/language/lang-euskara.php
mi√© feb 15 20:48:39 ART 2017 1556 bronte
mi√© feb 15 20:48:39 ART 2017 1547 calendar.txt
mi√© feb 15 20:48:40 ART 2017 1547 login-process
mi√© feb 15 20:48:40 ART 2017 1547 galleryemail.asp
mi√© feb 15 20:48:40 ART 2017 1547 /enlogin
mi√© feb 15 20:48:40 ART 2017 1547 chash
mi√© feb 15 20:48:40 ART 2017 1547 effingham
mi√© feb 15 20:48:40 ART 2017 1547 _master_inc
mi√© feb 15 20:48:40 ART 2017 1547 magnificoprecio
mi√© feb 15 20:48:41 ART 2017 1547 accounts.css
mi√© feb 15 20:48:41 ART 2017 1547 modules/http_auth_ext/
mi√© feb 15 20:48:41 ART 2017 1547 hcu
mi√© feb 15 20:48:41 ART 2017 1547 newlisting
mi√© feb 15 20:48:41 ART 2017 1547 imgorg
mi√© feb 15 20:48:41 ART 2017 1547 /irj/servlet/prt
mi√© feb 15 20:48:41 ART 2017 1547 dulich
mi√© feb 15 20:48:41 ART 2017 1547 modules/statereference/
mi√© feb 15 20:48:41 ART 2017 1547 evenk
mi√© feb 15 20:48:41 ART 2017 1547 animationen
mi√© feb 15 20:48:41 ART 2017 1547 kou
mi√© feb 15 20:48:42 ART 2017 1547 Contratacion.nsf
mi√© feb 15 20:48:42 ART 2017 1547 MyReports.aspx
mi√© feb 15 20:48:42 ART 2017 1547 1167
mi√© feb 15 20:48:42 ART 2017 1547 html/modules/Downloads/admin/language/lang-finnish.php
mi√© feb 15 20:48:42 ART 2017 1556 bronto
mi√© feb 15 20:48:42 ART 2017 1547 flash_games
mi√© feb 15 20:48:42 ART 2017 1547 descr
mi√© feb 15 20:48:42 ART 2017 1547 LoginProcess
mi√© feb 15 20:48:42 ART 2017 1547 GalleryEmail.asp
mi√© feb 15 20:48:42 ART 2017 1547 enm
mi√© feb 15 20:48:42 ART 2017 1547 .awm
mi√© feb 15 20:48:42 ART 2017 1547 calendarview
mi√© feb 15 20:48:43 ART 2017 1547 administation
mi√© feb 15 20:48:43 ART 2017 1547 cHash
mi√© feb 15 20:48:43 ART 2017 1547 norew
mi√© feb 15 20:48:43 ART 2017 1547 jjts
mi√© feb 15 20:48:43 ART 2017 1547 mastering
mi√© feb 15 20:48:43 ART 2017 1547 (
mi√© feb 15 20:48:43 ART 2017 0 [
mi√© feb 15 20:48:43 ART 2017 0 ]
mi√© feb 15 20:48:43 ART 2017 0 }
mi√© feb 15 20:48:43 ART 2017 1547 offerimages
mi√© feb 15 20:48:43 ART 2017 1547 evenly
mi√© feb 15 20:48:44 ART 2017 1547 animation-min
mi√© feb 15 20:48:44 ART 2017 1547 accountservice
mi√© feb 15 20:48:44 ART 2017 1547 11670
mi√© feb 15 20:48:44 ART 2017 1547 magnifier_xml
mi√© feb 15 20:48:44 ART 2017 1547 cccloud
mi√© feb 15 20:48:44 ART 2017 1547 kouchanooheya
mi√© feb 15 20:48:44 ART 2017 1547 fpz
mi√© feb 15 20:48:44 ART 2017 1547 contratante
mi√© feb 15 20:48:44 ART 2017 1547 client_admin
mi√© feb 15 20:48:44 ART 2017 1547 /irj/servlet/prt/portal
mi√© feb 15 20:48:44 ART 2017 1547 myreq
mi√© feb 15 20:48:44 ART 2017 1547 dullila
mi√© feb 15 20:48:44 ART 2017 1547 moderator.aspx
mi√© feb 15 20:48:45 ART 2017 1547 login_process.cfm
mi√© feb 15 20:48:45 ART 2017 1547 linea_faq
mi√© feb 15 20:48:45 ART 2017 1547 moveonline
mi√© feb 15 20:48:45 ART 2017 1547 flash-games
mi√© feb 15 20:48:45 ART 2017 1547 img_out
mi√© feb 15 20:48:45 ART 2017 1547 IA
mi√© feb 15 20:48:45 ART 2017 1547 /be
mi√© feb 15 20:48:45 ART 2017 1547 GalleryEMail.asp
mi√© feb 15 20:48:45 ART 2017 1547 /enmandataire
mi√© feb 15 20:48:45 ART 2017 1547 HN
mi√© feb 15 20:48:45 ART 2017 1547 favoriteslogin
mi√© feb 15 20:48:45 ART 2017 1547 administator
mi√© feb 15 20:48:45 ART 2017 1547 chaspik
mi√© feb 15 20:48:46 ART 2017 1547 jju
mi√© feb 15 20:48:46 ART 2017 1547 masterldap
mi√© feb 15 20:48:46 ART 2017 1547 airey
mi√© feb 15 20:48:46 ART 2017 1547 offering
mi√© feb 15 20:48:46 ART 2017 1547 event
mi√© feb 15 20:48:46 ART 2017 1547 /irj/servlet/prt/portal/prtroot
mi√© feb 15 20:48:46 ART 2017 1547 moveout
mi√© feb 15 20:48:46 ART 2017 1547 blogbio
mi√© feb 15 20:48:46 ART 2017 1547 moderator.cfm
mi√© feb 15 20:48:46 ART 2017 4455 #
mi√© feb 15 20:48:46 ART 2017 1547 imgp
mi√© feb 15 20:48:47 ART 2017 1547 login_process.html
mi√© feb 15 20:48:47 ART 2017 1547 animation-min.js
mi√© feb 15 20:48:47 ART 2017 1547 linea_faq.jsp
mi√© feb 15 20:48:47 ART 2017 1547 iaa
mi√© feb 15 20:48:47 ART 2017 1556 _layouts/3082/settings.aspx
mi√© feb 15 20:48:47 ART 2017 1547 14575_sp.php
mi√© feb 15 20:48:47 ART 2017 1547 kouchi
mi√© feb 15 20:48:47 ART 2017 1547 fq
mi√© feb 15 20:48:48 ART 2017 1547 html/modules/Downloads/admin/language/lang-french.php
mi√© feb 15 20:48:48 ART 2017 1547 new_listings
mi√© feb 15 20:48:48 ART 2017 1547 favoriteslogin.do
mi√© feb 15 20:48:48 ART 2017 1547 .be
mi√© feb 15 20:48:48 ART 2017 1547 cccoc
mi√© feb 15 20:48:48 ART 2017 1547 hn2
mi√© feb 15 20:48:48 ART 2017 1547 hcv
mi√© feb 15 20:48:48 ART 2017 1547 AccountService
mi√© feb 15 20:48:48 ART 2017 1547 img-p
mi√© feb 15 20:48:48 ART 2017 1547 login_process.php
mi√© feb 15 20:48:48 ART 2017 1547 animation.php
mi√© feb 15 20:48:49 ART 2017 1547 effort
mi√© feb 15 20:48:49 ART 2017 1547 CSScriptLib
mi√© feb 15 20:48:49 ART 2017 1547 modules/httpbl/
mi√© feb 15 20:48:49 ART 2017 1547 ia_archiver
mi√© feb 15 20:48:49 ART 2017 1556 bronx
mi√© feb 15 20:48:49 ART 2017 1547 calendar_week
mi√© feb 15 20:48:49 ART 2017 1547 jjudin
mi√© feb 15 20:48:49 ART 2017 1547 description
mi√© feb 15 20:48:49 ART 2017 1547 offerings
mi√© feb 15 20:48:49 ART 2017 1547 fqa
mi√© feb 15 20:48:49 ART 2017 1547 p4p
mi√© feb 15 20:48:50 ART 2017 1547 Profiles.aspx
mi√© feb 15 20:48:50 ART 2017 1547 mastermarketer
mi√© feb 15 20:48:50 ART 2017 1547 awmdata
mi√© feb 15 20:48:50 ART 2017 1547 airfare
mi√© feb 15 20:48:50 ART 2017 1547 green-nature
mi√© feb 15 20:48:50 ART 2017 1547 moveout.asp
mi√© feb 15 20:48:50 ART 2017 1547 Be
mi√© feb 15 20:48:50 ART 2017 1547 BlogBot/1.x
mi√© feb 15 20:48:50 ART 2017 1547 hna
mi√© feb 15 20:48:50 ART 2017 1547 GiftCenter
mi√© feb 15 20:48:50 ART 2017 1547 lineage
mi√© feb 15 20:48:50 ART 2017 1547 magnifier_xml.php
mi√© feb 15 20:48:50 ART 2017 1547 cccommon
mi√© feb 15 20:48:50 ART 2017 1547 html/modules/Downloads/admin/language/lang-galego.php
mi√© feb 15 20:48:50 ART 2017 1547 ch.aspx
mi√© feb 15 20:48:50 ART 2017 1547 favorites.php
mi√© feb 15 20:48:51 ART 2017 1547 accountsetting
mi√© feb 15 20:48:51 ART 2017 1547 messages_add.htm
mi√© feb 15 20:48:51 ART 2017 1547 hcw
mi√© feb 15 20:48:51 ART 2017 1547 loginprocess.php
mi√© feb 15 20:48:51 ART 2017 1547 animations
mi√© feb 15 20:48:51 ART 2017 1547 Event
mi√© feb 15 20:48:51 ART 2017 1547 phpBB2
mi√© feb 15 20:48:51 ART 2017 1547 clientAdmin
mi√© feb 15 20:48:51 ART 2017 1547 effortless
mi√© feb 15 20:48:51 ART 2017 1547 airfares
mi√© feb 15 20:48:52 ART 2017 1547 flash-game-size
mi√© feb 15 20:48:52 ART 2017 1547 BE
mi√© feb 15 20:48:52 ART 2017 1547 kouei
mi√© feb 15 20:48:52 ART 2017 1547 blogbox
mi√© feb 15 20:48:52 ART 2017 1547 hnaflower
mi√© feb 15 20:48:52 ART 2017 1547 norewrite
mi√© feb 15 20:48:52 ART 2017 1547 cc-common
mi√© feb 15 20:48:53 ART 2017 1547 gallery/errors/configmode.php
mi√© feb 15 20:48:53 ART 2017 1547 Offerings
mi√© feb 15 20:48:53 ART 2017 1547 gift-central
mi√© feb 15 20:48:53 ART 2017 1547 enmusubi
mi√© feb 15 20:48:53 ART 2017 1547 linea.php
mi√© feb 15 20:48:53 ART 2017 1547 myresp
mi√© feb 15 20:48:53 ART 2017 1547 magnify
mi√© feb 15 20:48:53 ART 2017 1547 duluth
mi√© feb 15 20:48:53 ART 2017 1556 bronze
mi√© feb 15 20:48:53 ART 2017 1547 contratar
mi√© feb 15 20:48:53 ART 2017 1547 quiosque
mi√© feb 15 20:48:53 ART 2017 1547 /irj/servlet/prt/portal/prtroot/com.sap.portal.dsm.terminator
mi√© feb 15 20:48:53 ART 2017 1547 Description
mi√© feb 15 20:48:54 ART 2017 1547 LOGIN.PWD
mi√© feb 15 20:48:54 ART 2017 1547 _animations
mi√© feb 15 20:48:54 ART 2017 1547 profile_search
mi√© feb 15 20:48:54 ART 2017 1547 ClientAdmin
mi√© feb 15 20:48:54 ART 2017 1547 modules/http_client/
mi√© feb 15 20:48:54 ART 2017 1547 moderatoren
mi√© feb 15 20:48:54 ART 2017 1547 messages.asp
mi√© feb 15 20:48:54 ART 2017 1547 move.php
mi√© feb 15 20:48:54 ART 2017 1547 redirurl
mi√© feb 15 20:48:54 ART 2017 1547 restrack
mi√© feb 15 20:48:54 ART 2017 1547 calendar_week.asp
mi√© feb 15 20:48:54 ART 2017 1547 jjv
mi√© feb 15 20:48:54 ART 2017 1556 _layouts/3082/shropt.aspx
mi√© feb 15 20:48:54 ART 2017 1547 AccountSetting
mi√© feb 15 20:48:54 ART 2017 1547 favorites_sales
mi√© feb 15 20:48:54 ART 2017 1547 fqb
mi√© feb 15 20:48:54 ART 2017 1547 event2
mi√© feb 15 20:48:55 ART 2017 1547 11672
mi√© feb 15 20:48:55 ART 2017 1547 awmData
mi√© feb 15 20:48:55 ART 2017 1547 modules/static/
mi√© feb 15 20:48:55 ART 2017 1547 airforce
mi√© feb 15 20:48:55 ART 2017 1547 hcwa
mi√© feb 15 20:48:55 ART 2017 1547 koueki
mi√© feb 15 20:48:55 ART 2017 1547 blogbrest
mi√© feb 15 20:48:55 ART 2017 1547 hnav
mi√© feb 15 20:48:55 ART 2017 1547 _phpBB2
mi√© feb 15 20:48:55 ART 2017 1547 Pressespiegel
mi√© feb 15 20:48:55 ART 2017 1547 1458
mi√© feb 15 20:48:55 ART 2017 1547 norfolk
mi√© feb 15 20:48:56 ART 2017 1547 cc_config
mi√© feb 15 20:48:56 ART 2017 1547 p4p.php
mi√© feb 15 20:48:56 ART 2017 1547 contratar.php
mi√© feb 15 20:48:56 ART 2017 1547 csscriptlib.js
mi√© feb 15 20:48:56 ART 2017 1547 gallery/errors/needinit.php
mi√© feb 15 20:48:56 ART 2017 1547 offerlink
mi√© feb 15 20:48:56 ART 2017 1547 giftcert
mi√© feb 15 20:48:56 ART 2017 1556 /sap/bc/erecruiting/confirmation_i
mi√© feb 15 20:48:56 ART 2017 1547 calendar_week.php
mi√© feb 15 20:48:56 ART 2017 1547 search.pl?Realm=All&Match=0&Terms=test&nocpp=1&maxhits=10&;Rank=<script>alert('Vulnerable')</script>
mi√© feb 15 20:48:57 ART 2017 1547 options.html
mi√© feb 15 20:48:57 ART 2017 1547 accountsetting.aspx
mi√© feb 15 20:48:57 ART 2017 1556 bronze.php
mi√© feb 15 20:48:57 ART 2017 1547 event_add
mi√© feb 15 20:48:57 ART 2017 1547 4percentProject
mi√© feb 15 20:48:57 ART 2017 1547 rqx
mi√© feb 15 20:48:57 ART 2017 1547 qui.php
mi√© feb 15 20:48:57 ART 2017 1547 modules/static_files/
mi√© feb 15 20:48:58 ART 2017 1547 Animations
mi√© feb 15 20:48:58 ART 2017 1547 description.asp
mi√© feb 15 20:48:58 ART 2017 1547 profile_search.php
mi√© feb 15 20:48:58 ART 2017 1547 magnitade_wpt
mi√© feb 15 20:48:58 ART 2017 1547 moderatorfiles
mi√© feb 15 20:48:58 ART 2017 1547 dum
mi√© feb 15 20:48:58 ART 2017 1547 11677
mi√© feb 15 20:48:58 ART 2017 1547 BlogBridge
mi√© feb 15 20:48:58 ART 2017 1547 awmdata-mainmenu
mi√© feb 15 20:48:58 ART 2017 1547 redirUrl
mi√© feb 15 20:48:58 ART 2017 1547 IAArchiver-1.0
mi√© feb 15 20:48:58 ART 2017 1547 hnb
mi√© feb 15 20:48:58 ART 2017 1547 restrack.asp
mi√© feb 15 20:48:58 ART 2017 1547 html/modules/Downloads/admin/language/lang-german.php
mi√© feb 15 20:48:58 ART 2017 1547 pay.htm
mi√© feb 15 20:48:58 ART 2017 1547 /irj/servlet/prt/portal/prtroot/com.sap.portal.epcf.loader.wdscriptblockprovider
mi√© feb 15 20:48:58 ART 2017 1547 /phpBB2
mi√© feb 15 20:48:58 ART 2017 1547 pointrollads
mi√© feb 15 20:48:58 ART 2017 1547 servizio
mi√© feb 15 20:48:59 ART 2017 1547 AIRFORCE
mi√© feb 15 20:48:59 ART 2017 1547 /administator
mi√© feb 15 20:48:59 ART 2017 1547 CSScriptLib.js
mi√© feb 15 20:48:59 ART 2017 1556 /sap/bc/erecruiting/dataoverview
mi√© feb 15 20:48:59 ART 2017 1547 flash-game-size.php
mi√© feb 15 20:48:59 ART 2017 1547 p5
mi√© feb 15 20:48:59 ART 2017 1547 offerlink.php
mi√© feb 15 20:48:59 ART 2017 1547 /login.py
mi√© feb 15 20:49:00 ART 2017 1547 eventadmin
mi√© feb 15 20:49:00 ART 2017 1556 pry
mi√© feb 15 20:49:00 ART 2017 1547 showpdf.aspx
mi√© feb 15 20:49:00 ART 2017 1547 my_results
mi√© feb 15 20:49:00 ART 2017 1547 gallery/errors/reconfigure.php
mi√© feb 15 20:49:00 ART 2017 1547 1168
mi√© feb 15 20:49:00 ART 2017 1547 Effortless
mi√© feb 15 20:49:00 ART 2017 1547 awmData-mainmenu
mi√© feb 15 20:49:00 ART 2017 1547 blog_calendar
mi√© feb 15 20:49:00 ART 2017 1547 koufu
mi√© feb 15 20:49:00 ART 2017 1547 /irj/servlet/prt/portal/prtroot/pcd!(*)
mi√© feb 15 20:49:00 ART 2017 1547 contrato
mi√© feb 15 20:49:00 ART 2017 1547 img.phdo
mi√© feb 15 20:49:00 ART 2017 1547 phpbb2_import
mi√© feb 15 20:49:00 ART 2017 1547 PointRollAds
mi√© feb 15 20:49:00 ART 2017 1547 servizionline
mi√© feb 15 20:49:01 ART 2017 1547 hcx
mi√© feb 15 20:49:01 ART 2017 1547 pay.html
mi√© feb 15 20:49:01 ART 2017 1547 sjp
mi√© feb 15 20:49:01 ART 2017 1547 rqy
mi√© feb 15 20:49:01 ART 2017 1547 chasse
mi√© feb 15 20:49:01 ART 2017 1547 favorites_sales.asp
mi√© feb 15 20:49:01 ART 2017 1547 modules/staticHTML/
mi√© feb 15 20:49:01 ART 2017 1547 9036.html
mi√© feb 15 20:49:01 ART 2017 1547 14581
mi√© feb 15 20:49:01 ART 2017 1547 4.php
mi√© feb 15 20:49:01 ART 2017 1547 search.pl?Realm=All&Match=0&Terms=test&nocpp=1&maxhits=10&;Rank=<script>alert('XSS')</script>
mi√© feb 15 20:49:02 ART 2017 1547 bea
mi√© feb 15 20:49:02 ART 2017 1547 kouga
mi√© feb 15 20:49:02 ART 2017 1547 clientapi
mi√© feb 15 20:49:02 ART 2017 1556 /sap/bc/erecruiting/password
mi√© feb 15 20:49:02 ART 2017 1547 img_photo
mi√© feb 15 20:49:02 ART 2017 1547 quirkycms
mi√© feb 15 20:49:02 ART 2017 1547 phpBB2_import
mi√© feb 15 20:49:02 ART 2017 1547 Messages.asp
mi√© feb 15 20:49:02 ART 2017 1547 /login.rb
mi√© feb 15 20:49:03 ART 2017 1547 servizi.php
mi√© feb 15 20:49:03 ART 2017 1547 /irj/servlet/prt/portal/prttarget/uidpwlogon/prteventname/performchangepassword
mi√© feb 15 20:49:03 ART 2017 1547 payinfo
mi√© feb 15 20:49:03 ART 2017 1556 _layouts/3082/sitelist.aspx
mi√© feb 15 20:49:03 ART 2017 1547 administer
mi√© feb 15 20:49:03 ART 2017 1547 Contrato
mi√© feb 15 20:49:03 ART 2017 1547 mastermind
mi√© feb 15 20:49:03 ART 2017 1547 sjpiano
mi√© feb 15 20:49:03 ART 2017 1547 ShowPDF.aspx
mi√© feb 15 20:49:03 ART 2017 1547 rqz
mi√© feb 15 20:49:03 ART 2017 1547 green-nhit
mi√© feb 15 20:49:03 ART 2017 1547 linear
mi√© feb 15 20:49:03 ART 2017 1547 gallery/errors/unconfigured.php
mi√© feb 15 20:49:04 ART 2017 1547 my_results.html
mi√© feb 15 20:49:04 ART 2017 1547 fqc
mi√© feb 15 20:49:04 ART 2017 1547 blog_callback
mi√© feb 15 20:49:04 ART 2017 1547 modules/station/
mi√© feb 15 20:49:04 ART 2017 1547 tarragon-data
mi√© feb 15 20:49:04 ART 2017 1547 jjw
mi√© feb 15 20:49:04 ART 2017 1547 p_5
mi√© feb 15 20:49:04 ART 2017 1556 prywatnosc
mi√© feb 15 20:49:04 ART 2017 1547 movepost
mi√© feb 15 20:49:04 ART 2017 1547 searchposts
mi√© feb 15 20:49:04 ART 2017 1547 profilesettings
mi√© feb 15 20:49:04 ART 2017 1547 cc_content_page
mi√© feb 15 20:49:05 ART 2017 1547 BEA
mi√© feb 15 20:49:05 ART 2017 1547 options_images
mi√© feb 15 20:49:05 ART 2017 1547 awmdata-menu
mi√© feb 15 20:49:05 ART 2017 4455 ¬
mi√© feb 15 20:49:05 ART 2017 1547 AccountSetting.aspx
mi√© feb 15 20:49:05 ART 2017 1547 testmysql
mi√© feb 15 20:49:05 ART 2017 1547 kougai
mi√© feb 15 20:49:05 ART 2017 1547 animation-vin
mi√© feb 15 20:49:05 ART 2017 1556 /sap/bc/erecruiting/posting_apply
mi√© feb 15 20:49:05 ART 2017 1547 linear_actuators
mi√© feb 15 20:49:05 ART 2017 1547 ClientApi
mi√© feb 15 20:49:06 ART 2017 1547 9036.php
mi√© feb 15 20:49:06 ART 2017 1547 airfrancejp
mi√© feb 15 20:49:06 ART 2017 1547 tarragone
mi√© feb 15 20:49:06 ART 2017 1547 gift_cert
mi√© feb 15 20:49:07 ART 2017 1547 description.htm
mi√© feb 15 20:49:07 ART 2017 1547 html/modules/Downloads/admin/language/lang-greek.php
mi√© feb 15 20:49:07 ART 2017 1547 irk
mi√© feb 15 20:49:07 ART 2017 1547 chassis
mi√© feb 15 20:49:07 ART 2017 1547 CC_Content_Page
mi√© feb 15 20:49:07 ART 2017 1547 modules/statistics/
mi√© feb 15 20:49:07 ART 2017 1547 rr
mi√© feb 15 20:49:07 ART 2017 1547 stayconnected
mi√© feb 15 20:49:07 ART 2017 1547 calendar_year
mi√© feb 15 20:49:07 ART 2017 1556 prywatnosc.php
mi√© feb 15 20:49:07 ART 2017 1547 tiles
mi√© feb 15 20:49:07 ART 2017 1547 movePost
mi√© feb 15 20:49:07 ART 2017 1547 searchpreview
mi√© feb 15 20:49:08 ART 2017 1556 _layouts/3082/siteoperationrefuse.aspx
mi√© feb 15 20:49:08 ART 2017 1547 Norfolk
mi√© feb 15 20:49:08 ART 2017 1547 fqd
mi√© feb 15 20:49:08 ART 2017 1547 /tradetheme
mi√© feb 15 20:49:08 ART 2017 1547 p-5
mi√© feb 15 20:49:08 ART 2017 1547 css.css
mi√© feb 15 20:49:08 ART 2017 1547 sjpro
mi√© feb 15 20:49:08 ART 2017 1547 FlashGet
mi√© feb 15 20:49:08 ART 2017 1547 hnbang
mi√© feb 15 20:49:08 ART 2017 1547 blog_callback.php
mi√© feb 15 20:49:08 ART 2017 1547 pay_info
mi√© feb 15 20:49:08 ART 2017 1547 /enmy
mi√© feb 15 20:49:08 ART 2017 1547 beach
mi√© feb 15 20:49:08 ART 2017 1547 duma
mi√© feb 15 20:49:08 ART 2017 1547 restreflect
mi√© feb 15 20:49:08 ART 2017 1547 showphone
mi√© feb 15 20:49:08 ART 2017 1547 soyvwhey.htm
mi√© feb 15 20:49:08 ART 2017 1547 11686
mi√© feb 15 20:49:08 ART 2017 1547 testn
mi√© feb 15 20:49:08 ART 2017 1547 ia_archiver/1.6
mi√© feb 15 20:49:08 ART 2017 1547 animation-vin.html
mi√© feb 15 20:49:09 ART 2017 1556 /sap/bc/erecruiting/qa_email_e
mi√© feb 15 20:49:09 ART 2017 1547 magnitogorsk
mi√© feb 15 20:49:09 ART 2017 1547 _udf
mi√© feb 15 20:49:09 ART 2017 1547 linear_bearings
mi√© feb 15 20:49:09 ART 2017 1547 offerlinks
mi√© feb 15 20:49:09 ART 2017 1547 greenny
mi√© feb 15 20:49:09 ART 2017 1547 9037
mi√© feb 15 20:49:09 ART 2017 1547 air.html
mi√© feb 15 20:49:09 ART 2017 1547 myresume
mi√© feb 15 20:49:09 ART 2017 1547 tarrega
mi√© feb 15 20:49:10 ART 2017 1547 tiles.html
mi√© feb 15 20:49:10 ART 2017 1547 14583
mi√© feb 15 20:49:10 ART 2017 1547 4print
mi√© feb 15 20:49:10 ART 2017 1547 messages.aspx
mi√© feb 15 20:49:10 ART 2017 1556 _layouts/3082/sitepp1.aspx
mi√© feb 15 20:49:10 ART 2017 1547 search_print
mi√© feb 15 20:49:10 ART 2017 1547 event_admin
mi√© feb 15 20:49:10 ART 2017 1547 description.html
mi√© feb 15 20:49:10 ART 2017 1547 norfolk-city
mi√© feb 15 20:49:10 ART 2017 1547 html/modules/Downloads/admin/language/lang-hungarian.php
mi√© feb 15 20:49:10 ART 2017 1547 master_new
mi√© feb 15 20:49:10 ART 2017 1547 accountsettings
mi√© feb 15 20:49:10 ART 2017 1547 tradetracker
mi√© feb 15 20:49:10 ART 2017 1547 fqe
mi√© feb 15 20:49:10 ART 2017 1547 p50
mi√© feb 15 20:49:10 ART 2017 1547 irkutsk
mi√© feb 15 20:49:10 ART 2017 1547 .cssd
mi√© feb 15 20:49:11 ART 2017 1547 administer/
mi√© feb 15 20:49:11 ART 2017 1547 img.php
mi√© feb 15 20:49:11 ART 2017 1547 soz
mi√© feb 15 20:49:11 ART 2017 1547 11689
mi√© feb 15 20:49:11 ART 2017 1556 prz
mi√© feb 15 20:49:11 ART 2017 1547 RestReflect
mi√© feb 15 20:49:11 ART 2017 1547 favoritessubmit
mi√© feb 15 20:49:11 ART 2017 1547 ia_archiver/8.0
mi√© feb 15 20:49:11 ART 2017 1547 linear_guides
mi√© feb 15 20:49:12 ART 2017 1547 pay_info.html
mi√© feb 15 20:49:12 ART 2017 1547 efforts
mi√© feb 15 20:49:12 ART 2017 1547 dumas
mi√© feb 15 20:49:12 ART 2017 1547 loginredirect
mi√© feb 15 20:49:12 ART 2017 1556 /sap/bc/erecruiting/qa_email_i
mi√© feb 15 20:49:12 ART 2017 1547 /chassis
mi√© feb 15 20:49:12 ART 2017 1547 animaux
mi√© feb 15 20:49:12 ART 2017 1547 sjps
mi√© feb 15 20:49:12 ART 2017 1547 offerLinks
mi√© feb 15 20:49:12 ART 2017 1547 9039
mi√© feb 15 20:49:12 ART 2017 1547 contrato.pdf
mi√© feb 15 20:49:13 ART 2017 1547 £∫
mi√© feb 15 20:49:13 ART 2017 1547 green-one
mi√© feb 15 20:49:13 ART 2017 1547 Messages.aspx
mi√© feb 15 20:49:13 ART 2017 1547 search-print
mi√© feb 15 20:49:13 ART 2017 1547 norge
mi√© feb 15 20:49:13 ART 2017 1547 modules/httpHeaders/
mi√© feb 15 20:49:13 ART 2017 1547 masterpage
mi√© feb 15 20:49:13 ART 2017 1547 irl
mi√© feb 15 20:49:13 ART 2017 1547 tars
mi√© feb 15 20:49:14 ART 2017 1547 profile-settings
mi√© feb 15 20:49:14 ART 2017 1547 quiroga
mi√© feb 15 20:49:14 ART 2017 1547 14584
mi√© feb 15 20:49:14 ART 2017 1547 moderator_home
mi√© feb 15 20:49:14 ART 2017 1547 4r
mi√© feb 15 20:49:14 ART 2017 1556 web8
mi√© feb 15 20:49:14 ART 2017 1547 fqf
mi√© feb 15 20:49:14 ART 2017 1547 widget_click
mi√© feb 15 20:49:14 ART 2017 1547 myreviews
mi√© feb 15 20:49:14 ART 2017 1556 _layouts/3082/sitesubs.aspx
mi√© feb 15 20:49:14 ART 2017 1547 clientarea
mi√© feb 15 20:49:14 ART 2017 1547 wp-content/plugins/affinity-group/
mi√© feb 15 20:49:14 ART 2017 1547 css_default
mi√© feb 15 20:49:14 ART 2017 1547 favoritesSubmit
mi√© feb 15 20:49:14 ART 2017 1547 ia_archiver/8.1
mi√© feb 15 20:49:14 ART 2017 1547 air_inc
mi√© feb 15 20:49:14 ART 2017 1547 hcy
mi√© feb 15 20:49:15 ART 2017 1547 description.php
mi√© feb 15 20:49:15 ART 2017 1547 userfile
mi√© feb 15 20:49:16 ART 2017 1547 giftcert.asp
mi√© feb 15 20:49:16 ART 2017 1547 modules/statistics_advanced/
mi√© feb 15 20:49:16 ART 2017 1547 account_settings
mi√© feb 15 20:49:16 ART 2017 1547 cccs
mi√© feb 15 20:49:16 ART 2017 1547 kougei
mi√© feb 15 20:49:16 ART 2017 1547 RR
mi√© feb 15 20:49:16 ART 2017 1547 calendar_year.asp
mi√© feb 15 20:49:16 ART 2017 1547 staycool
mi√© feb 15 20:49:16 ART 2017 1547 anime
mi√© feb 15 20:49:16 ART 2017 1547 sjq
mi√© feb 15 20:49:16 ART 2017 1547 payinvoice
mi√© feb 15 20:49:16 ART 2017 1547 eventAdmin
mi√© feb 15 20:49:16 ART 2017 1547 offerlinks.asp
mi√© feb 15 20:49:16 ART 2017 1547 pressespiegel.html
mi√© feb 15 20:49:16 ART 2017 1547 903.php
mi√© feb 15 20:49:16 ART 2017 1547 wp-content/plugins/easy-admin-access/
mi√© feb 15 20:49:16 ART 2017 1547 vme
mi√© feb 15 20:49:16 ART 2017 1547 awmData-menu
mi√© feb 15 20:49:16 ART 2017 1547 tarsalgo
mi√© feb 15 20:49:16 ART 2017 1556 przechowaj
mi√© feb 15 20:49:17 ART 2017 1547 magnitola
mi√© feb 15 20:49:17 ART 2017 1547 fqg
mi√© feb 15 20:49:17 ART 2017 1556 _layouts/3082/siteusrs.aspx
mi√© feb 15 20:49:17 ART 2017 1547 flashheader
mi√© feb 15 20:49:17 ART 2017 1547 widget_click.php
mi√© feb 15 20:49:17 ART 2017 1547 hnc
mi√© feb 15 20:49:17 ART 2017 1547 blog_captcha
mi√© feb 15 20:49:17 ART 2017 1547 img_planet
mi√© feb 15 20:49:17 ART 2017 1547 masterPage
mi√© feb 15 20:49:17 ART 2017 1547 tile-stone2
mi√© feb 15 20:49:17 ART 2017 1547 dumasjeanjoseph
mi√© feb 15 20:49:17 ART 2017 1547 1458.php
mi√© feb 15 20:49:17 ART 2017 1547 servizi.swf
mi√© feb 15 20:49:17 ART 2017 1547 moderator_home.asp
mi√© feb 15 20:49:17 ART 2017 1547 css/default.css
mi√© feb 15 20:49:17 ART 2017 1547 chassis/config/GeneralChassisConfig.html
mi√© feb 15 20:49:17 ART 2017 1547 ia_archiver/8.2
mi√© feb 15 20:49:18 ART 2017 1547 wp-content/plugins/latest-update-date/
mi√© feb 15 20:49:18 ART 2017 1547 Air_inc
mi√© feb 15 20:49:18 ART 2017 1547 testnet
mi√© feb 15 20:49:18 ART 2017 1547 phpBB2/includes/db.php
mi√© feb 15 20:49:18 ART 2017 1547 linear_system
mi√© feb 15 20:49:18 ART 2017 1547 quisioner
mi√© feb 15 20:49:18 ART 2017 1547 sozai
mi√© feb 15 20:49:18 ART 2017 1547 wp-content/plugins/utf8corrector/
mi√© feb 15 20:49:18 ART 2017 1547 superblog-compact
mi√© feb 15 20:49:18 ART 2017 1547 1168.html
mi√© feb 15 20:49:19 ART 2017 1547 nori
mi√© feb 15 20:49:19 ART 2017 1547 giftcertificate
mi√© feb 15 20:49:19 ART 2017 1547 modules/statistics_filter/
mi√© feb 15 20:49:20 ART 2017 1547 account-settings
mi√© feb 15 20:49:20 ART 2017 1547 ccct-admin
mi√© feb 15 20:49:20 ART 2017 1547 options_images.php
mi√© feb 15 20:49:20 ART 2017 1547 search-print.htm
mi√© feb 15 20:49:20 ART 2017 1547 stayer
mi√© feb 15 20:49:20 ART 2017 1547 pay_invoice
mi√© feb 15 20:49:20 ART 2017 1547 login_redirect
mi√© feb 15 20:49:20 ART 2017 1547 sjr
mi√© feb 15 20:49:20 ART 2017 1547 descriptions
mi√© feb 15 20:49:20 ART 2017 1547 _awm_file
mi√© feb 15 20:49:20 ART 2017 1547 venture.php
mi√© feb 15 20:49:21 ART 2017 1547 widgetdetails
mi√© feb 15 20:49:21 ART 2017 1547 irland
mi√© feb 15 20:49:21 ART 2017 1547 user_file
mi√© feb 15 20:49:21 ART 2017 1547 wp-content/themes/twentyten/languages/
mi√© feb 15 20:49:21 ART 2017 1547 wp-content/plugins/latest-web-resources/
mi√© feb 15 20:49:21 ART 2017 1547 wp-content/plugins/aflinker-affiliate-link-cloaker/
mi√© feb 15 20:49:21 ART 2017 1547 /airinfo
mi√© feb 15 20:49:21 ART 2017 1547 hn_captcha
mi√© feb 15 20:49:21 ART 2017 1547 wp-content/plugins/easy-admin-color-schemes/
mi√© feb 15 20:49:21 ART 2017 1547 imgpopup
mi√© feb 15 20:49:21 ART 2017 1547 contrato.php
mi√© feb 15 20:49:21 ART 2017 1547 html/modules/Downloads/admin/language/lang-icelandic.php
mi√© feb 15 20:49:21 ART 2017 1556 przechowalnia
mi√© feb 15 20:49:21 ART 2017 1547 testnew
mi√© feb 15 20:49:21 ART 2017 1547 MasterPage
mi√© feb 15 20:49:21 ART 2017 1547 tarsier
mi√© feb 15 20:49:21 ART 2017 1547 trade-traffic
mi√© feb 15 20:49:21 ART 2017 1547 anime-days
mi√© feb 15 20:49:21 ART 2017 1547 cssdesign
mi√© feb 15 20:49:21 ART 2017 1547 chat
mi√© feb 15 20:49:21 ART 2017 1547 ‚Äé
mi√© feb 15 20:49:21 ART 2017 1547 phpbb2_old
mi√© feb 15 20:49:21 ART 2017 1547 fqh
mi√© feb 15 20:49:21 ART 2017 1547 flashhome
mi√© feb 15 20:49:21 ART 2017 1547 lineas
mi√© feb 15 20:49:21 ART 2017 1547 messagesend
mi√© feb 15 20:49:22 ART 2017 1547 ia_archiver/8.8
mi√© feb 15 20:49:22 ART 2017 1547 greenotation
mi√© feb 15 20:49:22 ART 2017 1556 /sap/bc/erecruiting/registration
mi√© feb 15 20:49:22 ART 2017 1547 Beach
mi√© feb 15 20:49:22 ART 2017 1547 quismondo
mi√© feb 15 20:49:23 ART 2017 1547 your-champions
mi√© feb 15 20:49:23 ART 2017 1547 wp-content/plugins/utf-8-database-converter/
mi√© feb 15 20:49:23 ART 2017 1547 client_area
mi√© feb 15 20:49:23 ART 2017 1547 4rsscron
mi√© feb 15 20:49:23 ART 2017 1547 administr8/
mi√© feb 15 20:49:23 ART 2017 1547 redis
mi√© feb 15 20:49:23 ART 2017 1547 new-listings
mi√© feb 15 20:49:23 ART 2017 1556 /web800fo
mi√© feb 15 20:49:23 ART 2017 1547 restrict
mi√© feb 15 20:49:23 ART 2017 1547 soziales
mi√© feb 15 20:49:24 ART 2017 1547 superblogger
mi√© feb 15 20:49:24 ART 2017 1556 przechowalnia.php
mi√© feb 15 20:49:24 ART 2017 1547 gift-certificate
mi√© feb 15 20:49:24 ART 2017 1547 profiles.html
mi√© feb 15 20:49:24 ART 2017 1547 1169
mi√© feb 15 20:49:24 ART 2017 1547 tradeweb
mi√© feb 15 20:49:24 ART 2017 1547 AccountSettings
mi√© feb 15 20:49:24 ART 2017 1547 tarskereso
mi√© feb 15 20:49:24 ART 2017 1547 eventalbums
mi√© feb 15 20:49:24 ART 2017 1547 Pressespiegel.html
mi√© feb 15 20:49:24 ART 2017 1556 wp-content/plugins/recent-pages/
mi√© feb 15 20:49:24 ART 2017 1547 anime-desu
mi√© feb 15 20:49:24 ART 2017 1547 904
mi√© feb 15 20:49:24 ART 2017 1547 csse
mi√© feb 15 20:49:24 ART 2017 1547 wp-content/plugins/easy-admob/
mi√© feb 15 20:49:24 ART 2017 1547 °°°°
mi√© feb 15 20:49:25 ART 2017 1547 pointrollads.htm
mi√© feb 15 20:49:25 ART 2017 1547 options.inc.php+
mi√© feb 15 20:49:25 ART 2017 1547 modules/statistics_granularity/
mi√© feb 15 20:49:25 ART 2017 1547 test_new
mi√© feb 15 20:49:25 ART 2017 1547 sjs
mi√© feb 15 20:49:25 ART 2017 1547 Descriptions
mi√© feb 15 20:49:25 ART 2017 1547 message_send
mi√© feb 15 20:49:25 ART 2017 1547 ia_archiver/8.9
mi√© feb 15 20:49:25 ART 2017 1547 stay_informed
mi√© feb 15 20:49:25 ART 2017 1547 hcz
mi√© feb 15 20:49:25 ART 2017 1547 articles.htm
mi√© feb 15 20:49:26 ART 2017 1547 ÂïÜÂüé
mi√© feb 15 20:49:26 ART 2017 1547 UDF
mi√© feb 15 20:49:26 ART 2017 1547 contratos
mi√© feb 15 20:49:26 ART 2017 1547 UserFile
mi√© feb 15 20:49:26 ART 2017 1547 favoritessubmit.asp
mi√© feb 15 20:49:27 ART 2017 1547 awn
mi√© feb 15 20:49:27 ART 2017 1547 widgetDetails
mi√© feb 15 20:49:27 ART 2017 1547 irlande
mi√© feb 15 20:49:27 ART 2017 1547 wp-content/plugins/afterread/
mi√© feb 15 20:49:27 ART 2017 1547 magnitola.cgi
mi√© feb 15 20:49:27 ART 2017 1547 xform
mi√© feb 15 20:49:27 ART 2017 1547 greenpack
mi√© feb 15 20:49:27 ART 2017 1547 gallery_files
mi√© feb 15 20:49:28 ART 2017 1556 /sap/bc/erecruiting/startpage
mi√© feb 15 20:49:28 ART 2017 1547 BEACH
mi√© feb 15 20:49:28 ART 2017 1547 search_print.html
mi√© feb 15 20:49:28 ART 2017 1556 _layouts/3082/spaddrole.aspx
mi√© feb 15 20:49:28 ART 2017 1547 redisadmin
mi√© feb 15 20:49:28 ART 2017 1547 show_phone
mi√© feb 15 20:49:28 ART 2017 1547 blogcategory
mi√© feb 15 20:49:28 ART 2017 1547 Tile-Stone2
mi√© feb 15 20:49:28 ART 2017 1547 dumbo
mi√© feb 15 20:49:28 ART 2017 1547 test_news
mi√© feb 15 20:49:28 ART 2017 1547 quisommesnous
mi√© feb 15 20:49:28 ART 2017 1547 ÌïúÍµ≠
mi√© feb 15 20:49:28 ART 2017 1547 sjskin
mi√© feb 15 20:49:28 ART 2017 1547 descrizione
mi√© feb 15 20:49:28 ART 2017 1547 norianken
mi√© feb 15 20:49:28 ART 2017 1547 message-send
mi√© feb 15 20:49:29 ART 2017 1547 /enmyprofile
mi√© feb 15 20:49:29 ART 2017 1547 tradewinds
mi√© feb 15 20:49:29 ART 2017 1547 administr8.asp
mi√© feb 15 20:49:29 ART 2017 1547 super-blogger
mi√© feb 15 20:49:29 ART 2017 1556 przedsiebiorczosc
mi√© feb 15 20:49:29 ART 2017 1547 jjx
mi√© feb 15 20:49:29 ART 2017 1547 phpbb2.old
mi√© feb 15 20:49:29 ART 2017 0 move_post_form
mi√© feb 15 20:49:29 ART 2017 1547 serviziweb
mi√© feb 15 20:49:29 ART 2017 1547 tarski
mi√© feb 15 20:49:29 ART 2017 1547 new-listings10
mi√© feb 15 20:49:29 ART 2017 1547 stay_out
mi√© feb 15 20:49:29 ART 2017 1547 giftCertificate
mi√© feb 15 20:49:30 ART 2017 1547 linecards
mi√© feb 15 20:49:30 ART 2017 1547 ia_archiver-web.archive.org
mi√© feb 15 20:49:30 ART 2017 1547 ccct-includes
mi√© feb 15 20:49:30 ART 2017 1547 articles.html
mi√© feb 15 20:49:30 ART 2017 1547 anime-heaven
mi√© feb 15 20:49:30 ART 2017 1547 cssearch
mi√© feb 15 20:49:30 ART 2017 1547 login-redirect
mi√© feb 15 20:49:30 ART 2017 1547 calende
mi√© feb 15 20:49:30 ART 2017 1547 Pay_Invoice
mi√© feb 15 20:49:30 ART 2017 1547 PointRollAds.htm
mi√© feb 15 20:49:31 ART 2017 1547 wp-content/themes/twentyten/languages/twentyten.pot
mi√© feb 15 20:49:31 ART 2017 1547 wp-content/plugins/latest-youare-updates/
mi√© feb 15 20:49:31 ART 2017 1547 imgpopup.php
mi√© feb 15 20:49:31 ART 2017 1547 fqi
mi√© feb 15 20:49:31 ART 2017 1547 html/modules/Downloads/admin/language/lang-indonesian.php
mi√© feb 15 20:49:31 ART 2017 1547 masterpage2
mi√© feb 15 20:49:31 ART 2017 1547 Contratos
mi√© feb 15 20:49:31 ART 2017 1547 favoritesSubmit.asp
mi√© feb 15 20:49:31 ART 2017 1547 moderator.html
mi√© feb 15 20:49:31 ART 2017 1547 modules/statistics_trends/
mi√© feb 15 20:49:32 ART 2017 1547 sozialpolitik
mi√© feb 15 20:49:32 ART 2017 1547 flash_home
mi√© feb 15 20:49:32 ART 2017 1547 widget.html
mi√© feb 15 20:49:32 ART 2017 1547 IRLbot/1.0
mi√© feb 15 20:49:32 ART 2017 1547 userfiles
mi√© feb 15 20:49:32 ART 2017 1547 magnlogan
mi√© feb 15 20:49:32 ART 2017 1547 xforms
mi√© feb 15 20:49:32 ART 2017 1547 airline
mi√© feb 15 20:49:32 ART 2017 1547 hd
mi√© feb 15 20:49:32 ART 2017 1547 1459
mi√© feb 15 20:49:32 ART 2017 1547 vmeet
mi√© feb 15 20:49:32 ART 2017 1547 wp-content/plugins/utf-8-db-converter/
mi√© feb 15 20:49:32 ART 2017 1547 hnc-hnd
mi√© feb 15 20:49:32 ART 2017 1547 awo
mi√© feb 15 20:49:32 ART 2017 1547 ÂïÜÊ†á
mi√© feb 15 20:49:32 ART 2017 1547 blogcfc
mi√© feb 15 20:49:33 ART 2017 1547 4rsscron.php
mi√© feb 15 20:49:33 ART 2017 1547 gallery-full
mi√© feb 15 20:49:33 ART 2017 1556 /sap/bc/erecruiting/verification
mi√© feb 15 20:49:33 ART 2017 1547 p51
mi√© feb 15 20:49:33 ART 2017 1556 wp-content/plugins/recent-pages-and-posts/
mi√© feb 15 20:49:33 ART 2017 1547 tilework
mi√© feb 15 20:49:33 ART 2017 1547 offerLinks.asp
mi√© feb 15 20:49:33 ART 2017 1556 web800fo/
mi√© feb 15 20:49:33 ART 2017 1547 sjt
mi√© feb 15 20:49:33 ART 2017 1547 udf.cfm
mi√© feb 15 20:49:33 ART 2017 1547 trading
mi√© feb 15 20:49:34 ART 2017 1556 brooke
mi√© feb 15 20:49:34 ART 2017 1547 qui_sommes_nous
mi√© feb 15 20:49:34 ART 2017 1547 jjxh
mi√© feb 15 20:49:34 ART 2017 1547 client-area
mi√© feb 15 20:49:34 ART 2017 1547 ÌÖåÏä§Ìä∏
mi√© feb 15 20:49:34 ART 2017 1547 servlet
mi√© feb 15 20:49:34 ART 2017 1547 11693
mi√© feb 15 20:49:34 ART 2017 1547 EventAlbums
mi√© feb 15 20:49:34 ART 2017 1547 administr8.aspx
mi√© feb 15 20:49:34 ART 2017 1547 tarski-new
mi√© feb 15 20:49:34 ART 2017 1547 ~chat
mi√© feb 15 20:49:34 ART 2017 1547 yourchoice
mi√© feb 15 20:49:34 ART 2017 1547 super-blue
mi√© feb 15 20:49:34 ART 2017 1547 kouhoku
mi√© feb 15 20:49:35 ART 2017 1547 rra
mi√© feb 15 20:49:35 ART 2017 1547 staypressed
mi√© feb 15 20:49:35 ART 2017 1547 beach1
mi√© feb 15 20:49:35 ART 2017 1547 linee
mi√© feb 15 20:49:35 ART 2017 1547 test-news
mi√© feb 15 20:49:35 ART 2017 1547 new-listings10.html
mi√© feb 15 20:49:35 ART 2017 1547 anime-list
mi√© feb 15 20:49:35 ART 2017 1547 GiftCertificate
mi√© feb 15 20:49:36 ART 2017 1547 kankakee
mi√© feb 15 20:49:36 ART 2017 1547 moderator.jsp
mi√© feb 15 20:49:36 ART 2017 1547 wp-content/plugins/latest-youtube-videos/
mi√© feb 15 20:49:36 ART 2017 1547 html/modules/Downloads/admin/language/lang-italian.php
mi√© feb 15 20:49:36 ART 2017 1547 descrizioni
mi√© feb 15 20:49:36 ART 2017 1547 MasterPage2
mi√© feb 15 20:49:36 ART 2017 1547 contrat.pdf
mi√© feb 15 20:49:36 ART 2017 1547 favoritevideos
mi√© feb 15 20:49:36 ART 2017 1547 login-redirect/
mi√© feb 15 20:49:36 ART 2017 1547 calender
mi√© feb 15 20:49:36 ART 2017 1547 widget.js
mi√© feb 15 20:49:36 ART 2017 1547 message_send.asp
mi√© feb 15 20:49:36 ART 2017 1547 wp-content/plugins/after-the-deadline/
mi√© feb 15 20:49:36 ART 2017 1547 modules/stats/
mi√© feb 15 20:49:37 ART 2017 1547 HD
mi√© feb 15 20:49:37 ART 2017 1547 greenpaddy
mi√© feb 15 20:49:37 ART 2017 1547 vmeeting
mi√© feb 15 20:49:37 ART 2017 1547 move_post_form.asp
mi√© feb 15 20:49:37 ART 2017 1547 wp-content/plugins/utopia-cron/
mi√© feb 15 20:49:37 ART 2017 1547 soziologie
mi√© feb 15 20:49:38 ART 2017 1547 accountsettings.asp
mi√© feb 15 20:49:38 ART 2017 1547 blog.cfm
mi√© feb 15 20:49:38 ART 2017 1547 Âú®Á∫ø
mi√© feb 15 20:49:38 ART 2017 1547 9043
mi√© feb 15 20:49:38 ART 2017 1556 /sap/bc/error
mi√© feb 15 20:49:38 ART 2017 1547 airlines
mi√© feb 15 20:49:38 ART 2017 1556 _layouts/3082/spanon.aspx
mi√© feb 15 20:49:38 ART 2017 1547 profiles_new
mi√© feb 15 20:49:38 ART 2017 1556 0
mi√© feb 15 20:49:38 ART 2017 1547 hnctphotocb
mi√© feb 15 20:49:38 ART 2017 1556 przedszkole
mi√© feb 15 20:49:38 ART 2017 1547 iaas
mi√© feb 15 20:49:38 ART 2017 1547 Trading
mi√© feb 15 20:49:38 ART 2017 1547 restricted
mi√© feb 15 20:49:38 ART 2017 1547 _userfiles
mi√© feb 15 20:49:38 ART 2017 1547 IRLbot/2.0
mi√© feb 15 20:49:38 ART 2017 1556 web900
mi√© feb 15 20:49:38 ART 2017 1547 stb
mi√© feb 15 20:49:39 ART 2017 1547 clientarea.php
mi√© feb 15 20:49:39 ART 2017 1547 sjtowel
mi√© feb 15 20:49:39 ART 2017 1547 noriccota
mi√© feb 15 20:49:40 ART 2017 1547 enn
mi√© feb 15 20:49:40 ART 2017 1547 qui-sommes-nous
mi√© feb 15 20:49:40 ART 2017 1547 _chat
mi√© feb 15 20:49:40 ART 2017 1547 anime-movies
mi√© feb 15 20:49:40 ART 2017 1547 kouhou
mi√© feb 15 20:49:40 ART 2017 1547 options-media
mi√© feb 15 20:49:40 ART 2017 1547 points
mi√© feb 15 20:49:40 ART 2017 1547 offerlist
mi√© feb 15 20:49:40 ART 2017 1547 flash.htm
mi√© feb 15 20:49:40 ART 2017 1547 show_phone.php
mi√© feb 15 20:49:40 ART 2017 1547 tarsonis
mi√© feb 15 20:49:41 ART 2017 1547 14593
mi√© feb 15 20:49:41 ART 2017 1547 phpBB2_old
mi√© feb 15 20:49:41 ART 2017 1547 /servlet
mi√© feb 15 20:49:41 ART 2017 1547 contrats
mi√© feb 15 20:49:41 ART 2017 1547 rr.asp
mi√© feb 15 20:49:41 ART 2017 1547 giftcertificate.asp
mi√© feb 15 20:49:41 ART 2017 1547 FavoriteVideos
mi√© feb 15 20:49:41 ART 2017 1547 4rum
mi√© feb 15 20:49:41 ART 2017 1547 11694
mi√© feb 15 20:49:41 ART 2017 1547 LoginRedirect
mi√© feb 15 20:49:41 ART 2017 1556 brookes
mi√© feb 15 20:49:41 ART 2017 1547 fqj
mi√© feb 15 20:49:41 ART 2017 1547 wp-content/themes/twentyten/license.txt
mi√© feb 15 20:49:41 ART 2017 1547 moderator_login
mi√© feb 15 20:49:41 ART 2017 1547 wp-content/plugins/latex/
mi√© feb 15 20:49:41 ART 2017 1547 modules/statsapi/
mi√© feb 15 20:49:41 ART 2017 1547 UDF.cfm
mi√© feb 15 20:49:42 ART 2017 1547 Dumbot(version
mi√© feb 15 20:49:42 ART 2017 1547 movepost.php
mi√© feb 15 20:49:42 ART 2017 1547 ccct-scripts
mi√© feb 15 20:49:42 ART 2017 1547 awoni
mi√© feb 15 20:49:42 ART 2017 1547 messagesend.php
mi√© feb 15 20:49:42 ART 2017 1547 sozkurt
mi√© feb 15 20:49:42 ART 2017 1547 wp-content/plugins/easy-adsense/
mi√© feb 15 20:49:42 ART 2017 1547 pay_invoice.html
mi√© feb 15 20:49:42 ART 2017 1547 magnolia
mi√© feb 15 20:49:43 ART 2017 1556 /sap/bc/FormToRfc
mi√© feb 15 20:49:43 ART 2017 1547 administr8.cfm
mi√© feb 15 20:49:43 ART 2017 1547 test_newsletter
mi√© feb 15 20:49:43 ART 2017 1547 html/modules/Downloads/admin/language/lang-macedonian.php
mi√© feb 15 20:49:43 ART 2017 1547 jjxy
mi√© feb 15 20:49:43 ART 2017 1547 xforums
mi√© feb 15 20:49:43 ART 2017 1547 superbook
mi√© feb 15 20:49:43 ART 2017 1547 masterpage2.master
mi√© feb 15 20:49:43 ART 2017 1547 widgetlike
mi√© feb 15 20:49:43 ART 2017 1547 greenpages
mi√© feb 15 20:49:44 ART 2017 1547 gallery-full.asp
mi√© feb 15 20:49:44 ART 2017 1547 9043.php
mi√© feb 15 20:49:44 ART 2017 1556 _layouts/3082/spcataddperm.aspx
mi√© feb 15 20:49:44 ART 2017 1547 line.gif
mi√© feb 15 20:49:44 ART 2017 1547 sju
mi√© feb 15 20:49:44 ART 2017 1556 _0
mi√© feb 15 20:49:44 ART 2017 1547 hnd
mi√© feb 15 20:49:44 ART 2017 1556 wp-content/plugins/recent-photos/
mi√© feb 15 20:49:44 ART 2017 1547 ia.aspx
mi√© feb 15 20:49:44 ART 2017 1547 hda
mi√© feb 15 20:49:44 ART 2017 1547 articles.jpg
mi√© feb 15 20:49:44 ART 2017 1547 AccountSettings.asp
mi√© feb 15 20:49:44 ART 2017 1547 pressestelle
mi√© feb 15 20:49:44 ART 2017 1547 BEACH1
mi√© feb 15 20:49:44 ART 2017 1547 kankan
mi√© feb 15 20:49:44 ART 2017 1547 _restricted
mi√© feb 15 20:49:45 ART 2017 1547 your-colors
mi√© feb 15 20:49:45 ART 2017 1547 client_art
mi√© feb 15 20:49:45 ART 2017 1547 TRADING
mi√© feb 15 20:49:45 ART 2017 1547 Airlines
mi√© feb 15 20:49:45 ART 2017 1547 flash.html
mi√© feb 15 20:49:45 ART 2017 1547 user_files
mi√© feb 15 20:49:45 ART 2017 1547 stba
mi√© feb 15 20:49:45 ART 2017 1547 csSearch
mi√© feb 15 20:49:45 ART 2017 1547 tart
mi√© feb 15 20:49:46 ART 2017 1547 QuiSommesNous
mi√© feb 15 20:49:46 ART 2017 1547 giftcertificate.php
mi√© feb 15 20:49:46 ART 2017 1547 favoritevideos.aspx
mi√© feb 15 20:49:46 ART 2017 1547 tiling-flooring
mi√© feb 15 20:49:46 ART 2017 1547 4runner
mi√© feb 15 20:49:46 ART 2017 1547 anime.php
mi√© feb 15 20:49:46 ART 2017 1547 rrb
mi√© feb 15 20:49:46 ART 2017 1547 /chat
mi√© feb 15 20:49:46 ART 2017 1547 Points
mi√© feb 15 20:49:46 ART 2017 1547 options-media.php
mi√© feb 15 20:49:46 ART 2017 1556 brookfield
mi√© feb 15 20:49:46 ART 2017 1547 offerlist.aspx
mi√© feb 15 20:49:46 ART 2017 1547 145949
mi√© feb 15 20:49:46 ART 2017 1547 /servlet/
mi√© feb 15 20:49:46 ART 2017 1547 search_print.php
mi√© feb 15 20:49:47 ART 2017 1547 descr.php
mi√© feb 15 20:49:47 ART 2017 1547 new-listings11
mi√© feb 15 20:49:47 ART 2017 1547 imgpost
mi√© feb 15 20:49:47 ART 2017 1547 moderator_login.asp
mi√© feb 15 20:49:47 ART 2017 1547 wp-content/plugins/laughing-squid-starving-artists-plugin/
mi√© feb 15 20:49:47 ART 2017 1547 udforce
mi√© feb 15 20:49:47 ART 2017 1547 showphoto
mi√© feb 15 20:49:47 ART 2017 1547 dum-dum
mi√© feb 15 20:49:47 ART 2017 1556 /sap/bc/FormToRfc/soap
mi√© feb 15 20:49:48 ART 2017 1547 administr8.html
mi√© feb 15 20:49:48 ART 2017 1547 sozujan
mi√© feb 15 20:49:48 ART 2017 1547 wp-content/plugins/easy-adsenser/
mi√© feb 15 20:49:48 ART 2017 1547 loginreg
mi√© feb 15 20:49:48 ART 2017 1547 SuperBot/4.4.0.60
mi√© feb 15 20:49:48 ART 2017 1547 phpBB2.old
mi√© feb 15 20:49:48 ART 2017 1547 „Å®„ÇÇ„Åô„ÅüÂ≠¶ÁøíÁî®„ÉÜ„Éº„Éû
mi√© feb 15 20:49:48 ART 2017 1547 11697
mi√© feb 15 20:49:48 ART 2017 1547 test_news.php
mi√© feb 15 20:49:49 ART 2017 1556 _layouts/3082/spcateditperm.aspx
mi√© feb 15 20:49:49 ART 2017 1547 linego
mi√© feb 15 20:49:49 ART 2017 1547 widget-logic
mi√© feb 15 20:49:49 ART 2017 1547 eventalbums.aspx
mi√© feb 15 20:49:49 ART 2017 1547 .magnolia
mi√© feb 15 20:49:49 ART 2017 1556 /0
mi√© feb 15 20:49:49 ART 2017 1547 IRLbot/3.0
mi√© feb 15 20:49:49 ART 2017 1556 weba
mi√© feb 15 20:49:49 ART 2017 1547 .-tillagg-order-85497.php
mi√© feb 15 20:49:49 ART 2017 1547 fqk
mi√© feb 15 20:49:49 ART 2017 1547 wp-content/themes/twentyten/loop.php
mi√© feb 15 20:49:50 ART 2017 1547 pressestimmen
mi√© feb 15 20:49:50 ART 2017 1547 beach_area
mi√© feb 15 20:49:50 ART 2017 1547 kankenbag
mi√© feb 15 20:49:50 ART 2017 1547 /restricted
mi√© feb 15 20:49:50 ART 2017 1547 .enn
mi√© feb 15 20:49:50 ART 2017 1547 Pay_Invoice.html
mi√© feb 15 20:49:50 ART 2017 1547 modules/http_redirect/
mi√© feb 15 20:49:50 ART 2017 1547 gallerygarden
mi√© feb 15 20:49:50 ART 2017 1547 trading-platform
mi√© feb 15 20:49:50 ART 2017 1547 greenpaper
mi√© feb 15 20:49:50 ART 2017 1556 wp-content/plugins/recent-post-photos/
mi√© feb 15 20:49:50 ART 2017 1547 message_sent
mi√© feb 15 20:49:50 ART 2017 1547 hda8
mi√© feb 15 20:49:50 ART 2017 1556 przeglad
mi√© feb 15 20:49:50 ART 2017 1547 articles_new
mi√© feb 15 20:49:50 ART 2017 1547 client.asp
mi√© feb 15 20:49:51 ART 2017 1547 cccvo
mi√© feb 15 20:49:51 ART 2017 1547 flashimages
mi√© feb 15 20:49:51 ART 2017 1547 airlines.html
mi√© feb 15 20:49:51 ART 2017 1547 contratti
mi√© feb 15 20:49:51 ART 2017 1547 userFiles
mi√© feb 15 20:49:51 ART 2017 1547 rrc
mi√© feb 15 20:49:51 ART 2017 1547 hne
mi√© feb 15 20:49:51 ART 2017 1547 kouji
mi√© feb 15 20:49:51 ART 2017 1547 wp-content/plugins/utw-theme-compatibility-thing/
mi√© feb 15 20:49:51 ART 2017 1547 tartan
mi√© feb 15 20:49:51 ART 2017 1547 points.aspx
mi√© feb 15 20:49:51 ART 2017 1547 .chat
mi√© feb 15 20:49:51 ART 2017 1547 your-content-iii
mi√© feb 15 20:49:51 ART 2017 1547 FavoriteVideos.aspx
mi√© feb 15 20:49:51 ART 2017 1547 profiles.php
mi√© feb 15 20:49:51 ART 2017 1547 norightclick
mi√© feb 15 20:49:51 ART 2017 1547 stbb
mi√© feb 15 20:49:52 ART 2017 1556 brookings
mi√© feb 15 20:49:52 ART 2017 1547 options-misc
mi√© feb 15 20:49:52 ART 2017 1547 offer-listing
mi√© feb 15 20:49:52 ART 2017 1547 /servlet/*
mi√© feb 15 20:49:52 ART 2017 1547 animepress
mi√© feb 15 20:49:52 ART 2017 1547 img_posts
mi√© feb 15 20:49:52 ART 2017 1547 redistricting
mi√© feb 15 20:49:53 ART 2017 1547 wp-content/plugins/easy-adsense-redux/
mi√© feb 15 20:49:53 ART 2017 1547 login_register
mi√© feb 15 20:49:53 ART 2017 1547 qui-sommes-nous.htm
mi√© feb 15 20:49:53 ART 2017 1547 9044
mi√© feb 15 20:49:53 ART 2017 1547 awp
mi√© feb 15 20:49:53 ART 2017 1547 movePost.php
mi√© feb 15 20:49:53 ART 2017 1547 moderator/login.asp
mi√© feb 15 20:49:53 ART 2017 1547 xfp
mi√© feb 15 20:49:53 ART 2017 1547 html/modules/Downloads/admin/language/lang-norwegian.php
mi√© feb 15 20:49:54 ART 2017 1556 /sap/bc/graphics/net
mi√© feb 15 20:49:54 ART 2017 1547 phpBB2/search.php?search_id=1\
mi√© feb 15 20:49:54 ART 2017 1547 Âπø‰∏ú
mi√© feb 15 20:49:54 ART 2017 1556 _layouts/3082/spcatsec.aspx
mi√© feb 15 20:49:54 ART 2017 1547 udfs
mi√© feb 15 20:49:54 ART 2017 1547 p52
mi√© feb 15 20:49:54 ART 2017 1547 11699
mi√© feb 15 20:49:54 ART 2017 1547 widget.php
mi√© feb 15 20:49:54 ART 2017 1547 EventAlbums.aspx
mi√© feb 15 20:49:54 ART 2017 1556 .0
mi√© feb 15 20:49:54 ART 2017 1547 accountsettings.php
mi√© feb 15 20:49:54 ART 2017 1547 irm
mi√© feb 15 20:49:54 ART 2017 1556 webaa
mi√© feb 15 20:49:54 ART 2017 1547 greenparadise
mi√© feb 15 20:49:55 ART 2017 1547 tradingpost
mi√© feb 15 20:49:55 ART 2017 1547 flash_images
mi√© feb 15 20:49:55 ART 2017 1547 client.aspx
mi√© feb 15 20:49:55 ART 2017 1547 airline-tickets
mi√© feb 15 20:49:55 ART 2017 1547 giftcertificates
mi√© feb 15 20:49:55 ART 2017 1547 Beach_Area
mi√© feb 15 20:49:55 ART 2017 1547 MasterPage2.master
mi√© feb 15 20:49:55 ART 2017 1547 paylas
mi√© feb 15 20:49:55 ART 2017 1547 koukoku
mi√© feb 15 20:49:55 ART 2017 1547 hdalarm
mi√© feb 15 20:49:55 ART 2017 1556 przekieruj
mi√© feb 15 20:49:55 ART 2017 1547 enna
mi√© feb 15 20:49:55 ART 2017 1547 fql
mi√© feb 15 20:49:55 ART 2017 1547 wp-content/plugins/uuhello-search-integration-on-buddypress/
mi√© feb 15 20:49:55 ART 2017 1547 wp-content/themes/twentyten/onecolumn-page.php
mi√© feb 15 20:49:55 ART 2017 1547 articles_new.php
mi√© feb 15 20:49:55 ART 2017 1547 sjuan
mi√© feb 15 20:49:55 ART 2017 1547 pressetool
mi√© feb 15 20:49:55 ART 2017 1547 kanki
mi√© feb 15 20:49:55 ART 2017 1547 tartarus
mi√© feb 15 20:49:56 ART 2017 1547 ShowPhoto
mi√© feb 15 20:49:56 ART 2017 1547 csSearch.cgi?command=savesetup&setup=`cat%20/etc/passwd`
mi√© feb 15 20:49:56 ART 2017 1547 noRightClick
mi√© feb 15 20:49:56 ART 2017 1547 stbc
mi√© feb 15 20:49:56 ART 2017 1556 wp-content/plugins/recent-posts/
mi√© feb 15 20:49:56 ART 2017 1547 desctracker
mi√© feb 15 20:49:56 ART 2017 1547 wp-content/plugins/launchbeat-custom-news-feed/
mi√© feb 15 20:49:56 ART 2017 1547 Chat
mi√© feb 15 20:49:56 ART 2017 1547 jjxypeixun
mi√© feb 15 20:49:56 ART 2017 1547 searchpro
mi√© feb 15 20:49:56 ART 2017 1547 restricted/
mi√© feb 15 20:49:57 ART 2017 1547 pointscp
mi√© feb 15 20:49:57 ART 2017 1547 contratto
mi√© feb 15 20:49:57 ART 2017 1547 4Runner
mi√© feb 15 20:49:57 ART 2017 1547 favoritos
mi√© feb 15 20:49:57 ART 2017 1547 14597
mi√© feb 15 20:49:57 ART 2017 1556 brookland
mi√© feb 15 20:49:57 ART 2017 1547 wp-content/plugins/agb-checkbox/
mi√© feb 15 20:49:58 ART 2017 1547 animes
mi√© feb 15 20:49:58 ART 2017 1547 mover
mi√© feb 15 20:49:58 ART 2017 1547 blogcomment
mi√© feb 15 20:49:58 ART 2017 1547 xfq
mi√© feb 15 20:49:58 ART 2017 1547 offer_pack
mi√© feb 15 20:49:58 ART 2017 1547 wp-content/plugins/easyajax-wp/
mi√© feb 15 20:49:58 ART 2017 1547 login-register
mi√© feb 15 20:49:58 ART 2017 1547 qui_sommes_nous.php
mi√© feb 15 20:49:58 ART 2017 1547 dummy
mi√© feb 15 20:49:58 ART 2017 1547 SuperBot/x.x
mi√© feb 15 20:49:58 ART 2017 1556 /sap/bc/gui/sap/its/CERTREQ
mi√© feb 15 20:49:58 ART 2017 1547 flashinc
mi√© feb 15 20:49:58 ART 2017 1556 _layouts/3082/spcf.aspx
mi√© feb 15 20:49:58 ART 2017 1547 moderator/login.aspx
mi√© feb 15 20:49:58 ART 2017 1547 phpbb3
mi√© feb 15 20:49:58 ART 2017 1547 p53
mi√© feb 15 20:49:59 ART 2017 1547 1169.html
mi√© feb 15 20:49:59 ART 2017 1547 hnet
mi√© feb 15 20:49:59 ART 2017 1547 gallery.htm
mi√© feb 15 20:49:59 ART 2017 1547 red-juju
mi√© feb 15 20:49:59 ART 2017 1547 client_banners
mi√© feb 15 20:49:59 ART 2017 1547 GiftCertificates
mi√© feb 15 20:49:59 ART 2017 1547 eventanbieter
mi√© feb 15 20:49:59 ART 2017 1547 profiles.php?uid=&lt;script&gt;alert(document.cookie)&lt;/script&gt;
mi√© feb 15 20:49:59 ART 2017 1556 00
mi√© feb 15 20:50:00 ART 2017 1547 en-news
mi√© feb 15 20:50:00 ART 2017 1547 fqm
mi√© feb 15 20:50:00 ART 2017 1547 wp-content/plugins/uwa-widgets/
mi√© feb 15 20:50:00 ART 2017 1547 presseverteiler
mi√© feb 15 20:50:00 ART 2017 1547 kanko
mi√© feb 15 20:50:00 ART 2017 1556 webaas
mi√© feb 15 20:50:00 ART 2017 1547 IRM
mi√© feb 15 20:50:00 ART 2017 1547 tillamook
mi√© feb 15 20:50:00 ART 2017 1547 greenpark
mi√© feb 15 20:50:00 ART 2017 1547 ÊÅãÊúàblog-Ê∏ÖÁàΩÈªëÁ∫¢È£éÊ†º
mi√© feb 15 20:50:00 ART 2017 1547 cccwfx
mi√© feb 15 20:50:00 ART 2017 1547 Userfiles
mi√© feb 15 20:50:00 ART 2017 1547 RRC
mi√© feb 15 20:50:00 ART 2017 1547 UDFs
mi√© feb 15 20:50:00 ART 2017 1547 css_edit
mi√© feb 15 20:50:00 ART 2017 1547 widget_playlist
mi√© feb 15 20:50:00 ART 2017 1547 .servlet
mi√© feb 15 20:50:00 ART 2017 1547 masterpage.master
mi√© feb 15 20:50:01 ART 2017 1556 przelew
mi√© feb 15 20:50:01 ART 2017 1547 accountsetup
mi√© feb 15 20:50:01 ART 2017 1547 message-sent
mi√© feb 15 20:50:01 ART 2017 1547 administr8.jsp
mi√© feb 15 20:50:01 ART 2017 1556 wp-content/plugins/recent-posts-comments/
mi√© feb 15 20:50:01 ART 2017 1547 wp-content/plugins/laveda-bacetti/
mi√© feb 15 20:50:01 ART 2017 1547 CHAT
mi√© feb 15 20:50:02 ART 2017 1547 4sale
mi√© feb 15 20:50:02 ART 2017 1547 stbl
mi√© feb 15 20:50:02 ART 2017 1547 awpcp
mi√© feb 15 20:50:02 ART 2017 1547 tartenson
mi√© feb 15 20:50:02 ART 2017 1547 pointscp.php
mi√© feb 15 20:50:03 ART 2017 1547 articles_news
mi√© feb 15 20:50:03 ART 2017 1547 modules/stats_plot/
mi√© feb 15 20:50:03 ART 2017 1547 sjump
mi√© feb 15 20:50:03 ART 2017 1547 anime-template-theme
mi√© feb 15 20:50:03 ART 2017 1547 jjy
mi√© feb 15 20:50:03 ART 2017 1547 searchpro.asp
mi√© feb 15 20:50:03 ART 2017 1547 blog_comment
mi√© feb 15 20:50:03 ART 2017 1547 options-misc.php
mi√© feb 15 20:50:03 ART 2017 1547 norights
mi√© feb 15 20:50:03 ART 2017 1547 desctracker.php
mi√© feb 15 20:50:03 ART 2017 0 673.php
mi√© feb 15 20:50:04 ART 2017 1547 flashindex
mi√© feb 15 20:50:04 ART 2017 1547 your-content-iii-wordpress-theme
mi√© feb 15 20:50:04 ART 2017 1547 xfr
mi√© feb 15 20:50:04 ART 2017 1547 RedKernel
mi√© feb 15 20:50:04 ART 2017 1547 showphoto.asp
mi√© feb 15 20:50:04 ART 2017 1547 wp-content/plugins/age/
mi√© feb 15 20:50:04 ART 2017 1547 sp
mi√© feb 15 20:50:04 ART 2017 1547 SuperBot/x.x.x.xx
mi√© feb 15 20:50:04 ART 2017 1547 moderator/login.cfm
mi√© feb 15 20:50:04 ART 2017 1547 favoritosadd
mi√© feb 15 20:50:05 ART 2017 1547 wp-content/plugins/easyban/
mi√© feb 15 20:50:05 ART 2017 1547 login_register.php
mi√© feb 15 20:50:05 ART 2017 1547 p54
mi√© feb 15 20:50:05 ART 2017 1547 _dummy
mi√© feb 15 20:50:05 ART 2017 1547 fqn
mi√© feb 15 20:50:05 ART 2017 1547 ennis
mi√© feb 15 20:50:05 ART 2017 1547 hnf
mi√© feb 15 20:50:05 ART 2017 1556 /sap/bc/gui/sap/its/designs
mi√© feb 15 20:50:05 ART 2017 1547 wp-content/plugins/validated/
mi√© feb 15 20:50:05 ART 2017 1547 .offer.php
mi√© feb 15 20:50:05 ART 2017 1547 14597.php
mi√© feb 15 20:50:05 ART 2017 1556 webabo
mi√© feb 15 20:50:05 ART 2017 1547 kankore
mi√© feb 15 20:50:05 ART 2017 1556 brooklands
mi√© feb 15 20:50:05 ART 2017 1547 qui-sommes-nous.php
mi√© feb 15 20:50:05 ART 2017 1547 tiller
mi√© feb 15 20:50:05 ART 2017 1547 greenparty
mi√© feb 15 20:50:05 ART 2017 1547 clientbin
mi√© feb 15 20:50:06 ART 2017 1547 UserFiles
mi√© feb 15 20:50:06 ART 2017 1547 trading-signals
mi√© feb 15 20:50:06 ART 2017 1547 wp-content/themes/twentyten/page.php
mi√© feb 15 20:50:06 ART 2017 1547 cssexamples
mi√© feb 15 20:50:06 ART 2017 1547 widget_playlist.php
mi√© feb 15 20:50:06 ART 2017 1556 .00
mi√© feb 15 20:50:06 ART 2017 1547 profiles.php?what=contact&author=ich&authoremail=bla%40bla.com&subject=hello&message=text&uid=&lt;script&gt;alert(document.cookie)&lt;/script&gt;
mi√© feb 15 20:50:06 ART 2017 1547 /Servlet
mi√© feb 15 20:50:06 ART 2017 0 360views.htm
mi√© feb 15 20:50:06 ART 2017 0 217.php
mi√© feb 15 20:50:06 ART 2017 1547 ÊàëÁà±‰Ω†
mi√© feb 15 20:50:06 ART 2017 1547 9044.php
mi√© feb 15 20:50:06 ART 2017 1547 MasterPage.master
mi√© feb 15 20:50:06 ART 2017 1547 phpBB3
mi√© feb 15 20:50:06 ART 2017 1547 udf_toy
mi√© feb 15 20:50:06 ART 2017 1547 imgprep
mi√© feb 15 20:50:06 ART 2017 1556 przelew.php
mi√© feb 15 20:50:06 ART 2017 1547 airmail
mi√© feb 15 20:50:06 ART 2017 1547 contrib
mi√© feb 15 20:50:07 ART 2017 1547 administr8.php
mi√© feb 15 20:50:07 ART 2017 1547 .11.6-all-languages
mi√© feb 15 20:50:07 ART 2017 1547 pressezentrum
mi√© feb 15 20:50:07 ART 2017 1547 new-listings11.html
mi√© feb 15 20:50:07 ART 2017 1547 eventanmeldung
mi√© feb 15 20:50:07 ART 2017 1547 modules/http_request_fail_reset/
mi√© feb 15 20:50:07 ART 2017 1547 ccd
mi√© feb 15 20:50:07 ART 2017 1547 account-setup
mi√© feb 15 20:50:07 ART 2017 1556 wp-content/plugins/recent-posts-embed/
mi√© feb 15 20:50:07 ART 2017 1547 beach-body
mi√© feb 15 20:50:07 ART 2017 1547 paylater
mi√© feb 15 20:50:07 ART 2017 1547 wp-content/plugins/layerads-dashboard-widget/
mi√© feb 15 20:50:07 ART 2017 1547 chat1
mi√© feb 15 20:50:07 ART 2017 1547 Gallery.htm
mi√© feb 15 20:50:07 ART 2017 1547 stbs9
mi√© feb 15 20:50:08 ART 2017 1547 koukoku.html
mi√© feb 15 20:50:08 ART 2017 1547 points.html
mi√© feb 15 20:50:08 ART 2017 1547 blog_comment.asp
mi√© feb 15 20:50:08 ART 2017 1547 Restricted
mi√© feb 15 20:50:08 ART 2017 1547 articles_News
mi√© feb 15 20:50:08 ART 2017 1547 movers
mi√© feb 15 20:50:08 ART 2017 1547 modules/statspro/
mi√© feb 15 20:50:08 ART 2017 1547 magnoliaauthor
mi√© feb 15 20:50:08 ART 2017 1547 giftcert.php
mi√© feb 15 20:50:09 ART 2017 1547 descubre
mi√© feb 15 20:50:09 ART 2017 1547 jjz
mi√© feb 15 20:50:09 ART 2017 1547 html/modules/Downloads/admin/language/lang-polish.php
mi√© feb 15 20:50:09 ART 2017 1547 searchpro.aspx
